<?xml version="1.0" encoding="utf-8"?><testsuites name="pytest tests"><testsuite name="pytest" errors="0" failures="0" skipped="0" tests="617" time="122.682" timestamp="2026-08-24T14:02:06.964515+09:00" hostname="BOOK-1JSJ1G73I3"><testcase classname="src.tests.test_ai_capital_cycle" name="test_d2_coverage_blocks_map_without_segment_disclosures" time="0.001" /><testcase classname="src.tests.test_ai_capital_cycle" name="test_regime_model_constants_are_preregistered" time="0.001" /><testcase classname="src.tests.test_ai_capital_cycle" name="test_coverage_gate_rejects_hidden_coordinates" time="0.001" /><testcase classname="src.tests.test_ai_capital_cycle" name="test_d1_excludes_facts_not_available_by_asof" time="0.001" /><testcase classname="src.tests.test_ai_capital_cycle" name="test_stale_tag_is_marked_and_excluded_from_collection_coverage" time="0.001" /><testcase classname="src.tests.test_ai_capital_cycle" name="test_company_tag_chain_uses_first_fresh_amzn_capex_tag" time="0.001" /><testcase classname="src.tests.test_ai_capital_cycle" name="test_missing_metric_states_distinguish_tag_mapping_from_nondisclosure" time="0.001" /><testcase classname="src.tests.test_ai_capital_cycle" name="test_recency_guard_boundary[399-collected]" time="0.001" /><testcase classname="src.tests.test_ai_capital_cycle" name="test_recency_guard_boundary[401-tag_stale]" time="0.001" /><testcase classname="src.tests.test_ai_capital_cycle" name="test_non_usd_companyfact_is_quarantined" time="0.001" /><testcase classname="src.tests.test_audit_fixes" name="test_band_reverse_engineering_recovers_hidden_prob" time="0.001" /><testcase classname="src.tests.test_audit_fixes" name="test_vintage_scan_flags_stale_manual_base_rates" time="0.014" /><testcase classname="src.tests.test_audit_fixes" name="test_rebuild_precheck_blocks_silent_rebaseline" time="1.688" /><testcase classname="src.tests.test_audit_fixes" name="test_hash_anchor_written" time="0.639" /><testcase classname="src.tests.test_audit_fixes" name="test_research_status_parsed_and_views_exist" time="0.753" /><testcase classname="src.tests.test_audit_fixes" name="test_primary_excludes_failed_and_override" time="0.715" /><testcase classname="src.tests.test_audit_fixes" name="test_override_e4_post_resolution_gaming_detected" time="0.677" /><testcase classname="src.tests.test_audit_fixes" name="test_override_e4_pre_resolution_ok" time="0.991" /><testcase classname="src.tests.test_audit_fixes" name="test_override_e5_tamper_detected" time="1.185" /><testcase classname="src.tests.test_audit_fixes" name="test_lppl_demotion_gate_embedded_in_renderer" time="0.003" /><testcase classname="src.tests.test_audit_fixes" name="test_shadow_extremize_display_only_math" time="0.001" /><testcase classname="src.tests.test_audit_fixes" name="test_krun_median_fixed_rule" time="0.001" /><testcase classname="src.tests.test_audit_fixes" name="test_domain_skill_dual_basis_view" time="0.597" /><testcase classname="src.tests.test_authoritative_statistics" name="test_policy_allows_authoritative_numeric_sources_and_denies_insight_sources" time="0.047" /><testcase classname="src.tests.test_authoritative_statistics" name="test_raw_bytes_are_persisted_before_normalized_rows" time="0.041" /><testcase classname="src.tests.test_authoritative_statistics" name="test_raw_receipt_rejects_a_source_id_bound_to_the_wrong_domain" time="0.039" /><testcase classname="src.tests.test_authoritative_statistics" name="test_raw_receipt_and_observation_append_are_idempotent" time="0.047" /><testcase classname="src.tests.test_authoritative_statistics" name="test_receipt_metadata_correction_is_append_only_and_preserves_raw_hash" time="0.040" /><testcase classname="src.tests.test_authoritative_statistics" name="test_same_revision_can_be_reobserved_from_a_later_raw_fetch" time="0.046" /><testcase classname="src.tests.test_authoritative_statistics" name="test_research_bytes_may_be_retained_but_cannot_enter_numeric_ledger" time="0.029" /><testcase classname="src.tests.test_authoritative_statistics" name="test_batch_validation_finishes_before_any_observation_is_appended" time="0.038" /><testcase classname="src.tests.test_authoritative_statistics" name="test_normalization_and_probability_units_must_be_explicit" time="0.004" /><testcase classname="src.tests.test_authoritative_statistics" name="test_revisions_must_be_sequential_and_explicitly_supersede" time="0.046" /><testcase classname="src.tests.test_authoritative_statistics" name="test_tampered_raw_artifact_is_rejected" time="0.029" /><testcase classname="src.tests.test_authoritative_statistics" name="test_unsuccessful_fetch_is_retained_but_not_eligible_for_numeric_use" time="0.029" /><testcase classname="src.tests.test_authoritative_statistics" name="test_secret_query_parameters_are_not_written_to_receipts" time="0.019" /><testcase classname="src.tests.test_authoritative_statistics" name="test_published_statistics_match_the_machine_readable_lineage_contract" time="0.049" /><testcase classname="src.tests.test_bitemporal_facts" name="test_asof_selects_the_revision_known_at_that_time" time="0.000" /><testcase classname="src.tests.test_bitemporal_facts" name="test_pre_release_value_is_unavailable_and_sentinel_fails" time="0.001" /><testcase classname="src.tests.test_bitemporal_facts" name="test_parquet_duckdb_store_matches_python_asof" time="1.048" /><testcase classname="src.tests.test_cross_asset" name="test_cross_asset_keeps_observed_history_and_btc_counterfactual_separate" time="0.392" /><testcase classname="src.tests.test_cross_asset" name="test_historical_counterfactual_never_starts_a_live_path_ledger" time="0.385" /><testcase classname="src.tests.test_cross_asset" name="test_committed_2026_07_31_original_archive_is_byte_immutable" time="0.001" /><testcase classname="src.tests.test_cross_asset" name="test_history_is_exactly_2001_03_to_2006_03_and_excludes_next_bar" time="0.359" /><testcase classname="src.tests.test_cross_asset" name="test_validator_rejects_period_label_mismatch" time="0.348" /><testcase classname="src.tests.test_cross_asset" name="test_btc_case_beta_rules_come_from_audited_center_and_bootstrap_bounds" time="0.339" /><testcase classname="src.tests.test_cross_asset" name="test_observed_assets_are_byte_equal_across_all_btc_cases" time="0.344" /><testcase classname="src.tests.test_cross_asset" name="test_btc_center_path_compounds_observed_nasdaq_monthly_log_returns" time="0.435" /><testcase classname="src.tests.test_cross_asset" name="test_five_year_paths_keep_observed_anchor_and_no_btc_history_claim" time="0.483" /><testcase classname="src.tests.test_cross_asset" name="test_horizon_upgrade_reuses_audited_v2_inputs_and_appends_revision" time="0.431" /><testcase classname="src.tests.test_cross_asset" name="test_realty_income_uses_observed_price_and_total_return_not_current_sensitivity" time="0.435" /><testcase classname="src.tests.test_cross_asset" name="test_counterfactual_does_not_consume_generic_future_macro_assumptions" time="0.956" /><testcase classname="src.tests.test_cross_asset" name="test_cross_asset_validator_rejects_path_length_drift" time="0.475" /><testcase classname="src.tests.test_cross_asset" name="test_same_asof_archive_is_noop_or_rejected_without_overwrite" time="1.225" /><testcase classname="src.tests.test_cross_asset" name="test_approved_correction_creates_revision_without_overwriting_original" time="0.693" /><testcase classname="src.tests.test_cross_asset" name="test_refresh_excludes_intraday_us_market_bar" time="0.743" /><testcase classname="src.tests.test_cross_asset" name="test_dotcom_peak_reference_returns_measured_drawdown" time="0.001" /><testcase classname="src.tests.test_cross_asset" name="test_content_addressed_receipt_keeps_first_capture_time" time="0.010" /><testcase classname="src.tests.test_dashboard" name="test_read_model_shape" time="0.720" /><testcase classname="src.tests.test_dashboard" name="test_forecast_body_dictionary_round_trip" time="0.003" /><testcase classname="src.tests.test_dashboard" name="test_embed_compaction_keeps_latest_body_and_superseded_source_link" time="0.000" /><testcase classname="src.tests.test_dashboard" name="test_template_self_contained" time="0.085" /><testcase classname="src.tests.test_dashboard" name="test_pages_use_version_pinned_korean_webfont_without_changing_audit_html" time="0.031" /><testcase classname="src.tests.test_dashboard" name="test_template_parts_bundle_and_budget" time="0.041" /><testcase classname="src.tests.test_dashboard" name="test_script_compaction_preserves_token_boundaries" time="0.001" /><testcase classname="src.tests.test_dashboard" name="test_ui_contract" time="0.010" /><testcase classname="src.tests.test_dashboard" name="test_u1a_five_section_information_architecture_contract" time="0.009" /><testcase classname="src.tests.test_dashboard" name="test_u1a_route_and_home_render_evidence" time="0.002" /><testcase classname="src.tests.test_dashboard" name="test_u1b_future_overlay_unique_questions_and_compare_contract" time="0.006" /><testcase classname="src.tests.test_dashboard" name="test_u1b_browser_regression_evidence" time="0.002" /><testcase classname="src.tests.test_dashboard" name="test_u1c_split_surfaces_event_summary_and_glossary_contract" time="0.006" /><testcase classname="src.tests.test_dashboard" name="test_workspace_utility_contract" time="0.023" /><testcase classname="src.tests.test_dashboard" name="test_forecast_lookup_ui_contract" time="0.011" /><testcase classname="src.tests.test_dashboard" name="test_future_default_uses_three_scenarios_without_legacy_fallback" time="0.006" /><testcase classname="src.tests.test_dashboard" name="test_v5_2_future_view_uses_one_log_scale_and_restores_research_panels" time="0.008" /><testcase classname="src.tests.test_dashboard" name="test_v53_honesty_surfaces_survive_without_deletion" time="2.104" /><testcase classname="src.tests.test_dashboard" name="test_v53_legacy_hash_redirect_matrix_is_complete" time="0.003" /><testcase classname="src.tests.test_dashboard" name="test_u1d_mobile_layout_contract" time="0.008" /><testcase classname="src.tests.test_dashboard" name="test_mobile_charts_fit_first_and_offer_detail_zoom" time="0.003" /><testcase classname="src.tests.test_dashboard" name="test_u1d_mobile_layout_regression_evidence" time="0.002" /><testcase classname="src.tests.test_dashboard" name="test_u1c_browser_regression_evidence" time="0.002" /><testcase classname="src.tests.test_dashboard" name="test_data_trust_pipeline_is_visual_plain_language_and_live" time="0.009" /><testcase classname="src.tests.test_dashboard" name="test_liquidity_series_share_one_plot_with_explicit_dual_axes" time="0.005" /><testcase classname="src.tests.test_dashboard" name="test_decision_journal_share_and_contrast_contract" time="0.009" /><testcase classname="src.tests.test_dashboard" name="test_round2_cross_asset_explanations_and_method_event_contract" time="0.006" /><testcase classname="src.tests.test_dashboard" name="test_future_chart_restores_innovation_reference_and_cross_asset_five_year_view" time="0.005" /><testcase classname="src.tests.test_dashboard" name="test_structural_calibration_selection_invariance_is_visible" time="0.004" /><testcase classname="src.tests.test_dashboard" name="test_render_embed_vs_fetch" time="0.743" /><testcase classname="src.tests.test_dashboard" name="test_repository_snapshot_stays_within_dashboard_budget" time="2.869" /><testcase classname="src.tests.test_dashboard" name="test_future_paths_are_split_with_semantic_identity_and_fixed_budgets" time="1.661" /><testcase classname="src.tests.test_dashboard" name="test_server_is_read_only" time="0.002" /><testcase classname="src.tests.test_dashboard" name="test_render_evidence_pipeline_uses_playwright_not_direct_cdp" time="0.002" /><testcase classname="src.tests.test_dashboard" name="test_write_dashboard" time="0.997" /><testcase classname="src.tests.test_dashboard" name="test_write_pages" time="0.658" /><testcase classname="src.tests.test_dashboard" name="test_presentation_copy_normalization_preserves_source_and_nested_shape" time="0.000" /><testcase classname="src.tests.test_dashboard" name="test_o_entry_cohort_ui_is_evidence_only" time="0.005" /><testcase classname="src.tests.test_dashboard" name="test_mobile_market_strip_uses_three_non_overlapping_cells" time="0.003" /><testcase classname="src.tests.test_dashboard" name="test_all_page_primary_headings_are_scaled_to_seventy_percent" time="0.002" /><testcase classname="src.tests.test_dashboard_js_geometry" name="test_statistics_profile_rows_supports_dotcom_and_current_bars" time="0.065" /><testcase classname="src.tests.test_dashboard_js_geometry" name="test_cross_asset_endpoint_labels_keep_minimum_gap" time="0.064" /><testcase classname="src.tests.test_dashboard_js_geometry" name="test_flow_reference_and_scenario_labels_avoid_right_edge_collisions" time="0.059" /><testcase classname="src.tests.test_dashboard_js_geometry" name="test_flow_calendar_uses_readable_text_labels_and_groups_dense_earnings" time="0.066" /><testcase classname="src.tests.test_dashboard_js_geometry" name="test_flow_horizon_and_sparse_axis_geometry" time="0.835" /><testcase classname="src.tests.test_dashboard_js_geometry" name="test_flow_keeps_center_path_separate_from_continuous_correction_sample" time="0.065" /><testcase classname="src.tests.test_dashboard_js_geometry" name="test_rebased_flow_uses_same_horizon_law_and_shortens_remaining_range" time="0.066" /><testcase classname="src.tests.test_digest" name="test_digest_injects_context_raw_material" time="0.524" /><testcase classname="src.tests.test_digest" name="test_digest_context_phase2_signals" time="0.522" /><testcase classname="src.tests.test_digest" name="test_digest_context_only_without_ml" time="0.584" /><testcase classname="src.tests.test_digest" name="test_digest_stale_context_not_injected" time="0.527" /><testcase classname="src.tests.test_digest" name="test_digest_contains_bands_not_mapped_probs" time="0.609" /><testcase classname="src.tests.test_digest" name="test_digest_stale_returns_none" time="0.819" /><testcase classname="src.tests.test_digest" name="test_digest_absent_history_returns_none" time="0.038" /><testcase classname="src.tests.test_digest" name="test_digest_max_chars_cut" time="0.699" /><testcase classname="src.tests.test_digest" name="test_prompt_unchanged_without_aux" time="0.001" /><testcase classname="src.tests.test_display_promotion" name="test_missing_contract_fails_closed_without_legacy_fallback" time="0.003" /><testcase classname="src.tests.test_display_promotion" name="test_approval_and_render_proof_are_both_required" time="0.021" /><testcase classname="src.tests.test_display_promotion" name="test_semantic_reference_mismatch_withdraws_display_promotion" time="0.021" /><testcase classname="src.tests.test_divergence_due" name="test_divergence_boundary_15pp" time="0.006" /><testcase classname="src.tests.test_divergence_due" name="test_divergence_low_confidence_excluded" time="0.007" /><testcase classname="src.tests.test_divergence_due" name="test_divergence_absent_inputs_no_regression" time="0.006" /><testcase classname="src.tests.test_divergence_due" name="test_divergence_missing_ref_or_prob" time="0.006" /><testcase classname="src.tests.test_ensemble" name="test_combine_median_is_elementwise_median" time="0.001" /><testcase classname="src.tests.test_ensemble" name="test_combine_median_preserves_quantile_monotonicity" time="0.002" /><testcase classname="src.tests.test_ensemble" name="test_combine_median_single_and_empty" time="0.000" /><testcase classname="src.tests.test_ensemble" name="test_disagreement_boundaries" time="0.000" /><testcase classname="src.tests.test_ensemble" name="test_align_covariates_tail_alignment" time="0.000" /><testcase classname="src.tests.test_era_analog" name="test_era_analog_is_log_normalized_and_reference_only" time="0.000" /><testcase classname="src.tests.test_era_analog" name="test_dow_overlay_discloses_start_alignment_and_monthly_archive" time="0.000" /><testcase classname="src.tests.test_era_analog" name="test_era_analog_empty_state_does_not_invent_curves" time="0.000" /><testcase classname="src.tests.test_era_analog" name="test_small_knn_forward_is_case_list_only_with_run_asof" time="0.000" /><testcase classname="src.tests.test_evaluation" name="test_reference_scores_and_intervals" time="0.001" /><testcase classname="src.tests.test_evaluation" name="test_walk_forward_purge_prevents_overlap" time="0.000" /><testcase classname="src.tests.test_evaluation" name="test_six_baselines_are_deterministic" time="0.004" /><testcase classname="src.tests.test_event_calendar" name="test_calendar_contract_and_twelve_month_events_are_registered" time="0.009" /><testcase classname="src.tests.test_event_calendar" name="test_calendar_correction_is_an_appended_superseding_row" time="0.015" /><testcase classname="src.tests.test_forecast_lookup" name="test_weekend_maps_to_previous_trading_day_without_interpolation" time="0.067" /><testcase classname="src.tests.test_forecast_lookup" name="test_lookup_rejects_out_of_range_and_before_asof" time="0.124" /><testcase classname="src.tests.test_forecast_lookup" name="test_quick_dates_are_deterministic_calendar_dates" time="0.068" /><testcase classname="src.tests.test_forecast_lookup" name="test_rule_parser_supports_registered_korean_and_short_forms" time="0.298" /><testcase classname="src.tests.test_forecast_lookup" name="test_rule_parser_rejects_unregistered_language" time="0.059" /><testcase classname="src.tests.test_forecast_lookup" name="test_lookup_helper_has_no_storage_or_network_dependency" time="0.001" /><testcase classname="src.tests.test_integrity_context" name="test_fingerprint_is_deterministic_and_tracks_truth_only" time="0.012" /><testcase classname="src.tests.test_integrity_context" name="test_fingerprint_normalizes_text_truth_but_preserves_immutable_bytes" time="0.016" /><testcase classname="src.tests.test_inventory" name="test_inventory_is_generated_and_detects_source_drift" time="0.529" /><testcase classname="src.tests.test_inventory" name="test_license_manifest_keeps_review_required_sources_restricted" time="0.008" /><testcase classname="src.tests.test_investing_refresh_workflow" name="test_investing_refresh_scopes_secret_and_caps_paid_work" time="0.001" /><testcase classname="src.tests.test_investing_refresh_workflow" name="test_scenario_and_full_refresh_share_writer_lock" time="0.002" /><testcase classname="src.tests.test_investing_refresh_workflow" name="test_bot_data_commits_trigger_pages_and_verification" time="0.001" /><testcase classname="src.tests.test_ipo_reference_batch" name="test_reference_batch_is_idempotent_and_locks_historical_rows" time="0.029" /><testcase classname="src.tests.test_ipo_reference_batch" name="test_reference_batch_flags_changed_academic_source_for_review" time="0.022" /><testcase classname="src.tests.test_l0_acceptance_gates" name="test_l0_sec_snapshot_regression_constants" time="0.002" /><testcase classname="src.tests.test_l0_acceptance_gates" name="test_l0_market_constants_remain_in_immutable_archive_after_new_comparison" time="0.004" /><testcase classname="src.tests.test_l0_batch1" name="test_ci_contains_point_including_boundaries[60-40-75]" time="0.002" /><testcase classname="src.tests.test_l0_batch1" name="test_ci_contains_point_including_boundaries[40-40-75]" time="0.001" /><testcase classname="src.tests.test_l0_batch1" name="test_ci_contains_point_including_boundaries[75-40-75]" time="0.001" /><testcase classname="src.tests.test_l0_batch1" name="test_ci_rejects_non_containment_order_and_range[payload0]" time="0.001" /><testcase classname="src.tests.test_l0_batch1" name="test_ci_rejects_non_containment_order_and_range[payload1]" time="0.001" /><testcase classname="src.tests.test_l0_batch1" name="test_ci_rejects_non_containment_order_and_range[payload2]" time="0.001" /><testcase classname="src.tests.test_l0_batch1" name="test_ci_rejects_non_containment_order_and_range[payload3]" time="0.001" /><testcase classname="src.tests.test_l0_batch1" name="test_ci_rejects_non_containment_order_and_range[payload4]" time="0.000" /><testcase classname="src.tests.test_l0_batch1" name="test_ci_rejects_non_containment_order_and_range[payload5]" time="0.001" /><testcase classname="src.tests.test_l0_batch1" name="test_frontmatter_validator_rejects_ci_that_excludes_point" time="0.000" /><testcase classname="src.tests.test_l0_batch1" name="test_forecast_arithmetic_exact_match" time="0.000" /><testcase classname="src.tests.test_l0_batch1" name="test_forecast_arithmetic_mixed_positive_and_negative_adjustments" time="0.000" /><testcase classname="src.tests.test_l0_batch1" name="test_forecast_arithmetic_rejects_mismatch_and_sign_error" time="0.001" /><testcase classname="src.tests.test_l0_batch1" name="test_forecast_arithmetic_rounding_tolerance_boundary" time="0.001" /><testcase classname="src.tests.test_l0_batch1" name="test_forecast_arithmetic_rejects_missing_and_duplicate_adjustments" time="0.001" /><testcase classname="src.tests.test_l0_batch1" name="test_historical_ledger_read_is_backward_compatible_and_non_mutating" time="0.006" /><testcase classname="src.tests.test_ledger_audit" name="test_audit_baselines_then_detects_immutable_change" time="0.024" /><testcase classname="src.tests.test_ledger_audit" name="test_frozen_append_ledger_is_not_marked_stale" time="0.015" /><testcase classname="src.tests.test_ledger_audit" name="test_registered_empty_writer_can_report_accumulating_zero_rows" time="0.014" /><testcase classname="src.tests.test_ledger_audit" name="test_dualdb_model_run_weekly_cadence_detects_stalled_sqlite" time="0.024" /><testcase classname="src.tests.test_ledger_audit" name="test_research_pack_normalizes_probability_and_provenance" time="0.111" /><testcase classname="src.tests.test_ledger_audit" name="test_research_pack_preserves_pending_probability_unit" time="0.032" /><testcase classname="src.tests.test_lite_tier" name="test_tier_parsing_lenient" time="0.008" /><testcase classname="src.tests.test_lite_tier" name="test_get_profile_words_substitution" time="0.001" /><testcase classname="src.tests.test_lite_tier" name="test_run_research_lite_wiring" time="0.009" /><testcase classname="src.tests.test_lite_tier" name="test_pipeline_tier_recorded_and_parsed" time="0.009" /><testcase classname="src.tests.test_lite_tier" name="test_retro_excluded_from_sync" time="0.673" /><testcase classname="src.tests.test_llm_provider" name="test_anthropic_adapter_preserves_existing_research_call" time="0.001" /><testcase classname="src.tests.test_llm_provider" name="test_provider_identity_is_registry_ready" time="0.000" /><testcase classname="src.tests.test_llm_provider" name="test_openai_adapter_accepts_explicit_tier_and_rejects_family_alias" time="0.000" /><testcase classname="src.tests.test_llm_provider" name="test_openai_responses_research_uses_web_search" time="0.001" /><testcase classname="src.tests.test_llm_provider" name="test_openai_tier_pricing_does_not_fall_back_to_sol" time="0.001" /><testcase classname="src.tests.test_llm_provider" name="test_openai_reasoning_enforces_common_output_contract" time="0.021" /><testcase classname="src.tests.test_llm_provider" name="test_openai_reasoning_rejects_probability_outside_1_to_99" time="0.002" /><testcase classname="src.tests.test_logical_constraints" name="test_constraints_warn_without_modifying_probabilities" time="0.000" /><testcase classname="src.tests.test_logical_constraints" name="test_mixed_probability_spaces_are_not_combined" time="0.000" /><testcase classname="src.tests.test_market_bl" name="test_prob_above_matches_analytic" time="0.001" /><testcase classname="src.tests.test_market_bl" name="test_prob_monotone_decreasing_in_strike" time="0.000" /><testcase classname="src.tests.test_market_bl" name="test_smile_interpolation" time="0.000" /><testcase classname="src.tests.test_market_bl" name="test_sparse_or_missing_data_returns_none" time="0.000" /><testcase classname="src.tests.test_market_bl" name="test_nearest_expiry" time="0.000" /><testcase classname="src.tests.test_market_bl" name="test_proxy_strike_ratio" time="0.000" /><testcase classname="src.tests.test_market_extensions" name="test_tracker_is_count_only_and_marks_unverified_sources_unavailable" time="0.003" /><testcase classname="src.tests.test_market_extensions" name="test_nominal_rate_signal_can_select_rates_stay_high" time="0.002" /><testcase classname="src.tests.test_market_extensions" name="test_liquidity_lead_lag_respects_156_week_gate" time="0.004" /><testcase classname="src.tests.test_market_extensions" name="test_liquidity_zone_uses_preregistered_shared_thresholds" time="0.000" /><testcase classname="src.tests.test_market_extensions" name="test_tracker_budget_is_enforced" time="0.002" /><testcase classname="src.tests.test_market_extensions" name="test_archive_retry_ignores_transport_metadata_but_not_metric_revision" time="0.020" /><testcase classname="src.tests.test_market_extensions" name="test_tracker_revision_uses_approved_correction_and_is_idempotent" time="0.022" /><testcase classname="src.tests.test_market_extensions" name="test_refresh_reuses_same_validated_weekly_vintage_without_refetch" time="0.020" /><testcase classname="src.tests.test_market_session" name="test_intraday_cutoff_excludes_current_us_session" time="0.000" /><testcase classname="src.tests.test_market_session" name="test_post_close_cutoff_allows_current_us_session" time="0.000" /><testcase classname="src.tests.test_market_session" name="test_historical_explicit_asof_is_unchanged" time="0.000" /><testcase classname="src.tests.test_mc_barrier" name="test_barrier_vs_reflection_principle" time="0.097" /><testcase classname="src.tests.test_mc_barrier" name="test_touch_geq_terminal_invariant" time="0.005" /><testcase classname="src.tests.test_mc_barrier" name="test_step_range_partial_window" time="0.002" /><testcase classname="src.tests.test_mc_barrier" name="test_seed_reproducibility" time="0.001" /><testcase classname="src.tests.test_mc_barrier" name="test_window_steps" time="0.000" /><testcase classname="src.tests.test_ml" name="test_prob_above_interpolation" time="0.001" /><testcase classname="src.tests.test_ml" name="test_terminal_pct" time="0.000" /><testcase classname="src.tests.test_ml" name="test_feed_sentiment_dataclass_defaults" time="0.000" /><testcase classname="src.tests.test_ml" name="test_ml_gate_docstring_present" time="0.000" /><testcase classname="src.tests.test_ml_history" name="test_jsonl_append_and_iter" time="0.014" /><testcase classname="src.tests.test_ml_history" name="test_sync_idempotent_and_rebuild" time="1.625" /><testcase classname="src.tests.test_ml_history" name="test_append_after_sync_reingests" time="1.352" /><testcase classname="src.tests.test_ml_history" name="test_latest_ml_refs_freshness_and_confidence" time="1.031" /><testcase classname="src.tests.test_ml_history" name="test_sentiment_delta" time="0.626" /><testcase classname="src.tests.test_ml_history" name="test_question_maps_registry_alignment" time="0.036" /><testcase classname="src.tests.test_model_registry" name="test_defaults_include_champion_and_non_promoted_shadows" time="0.193" /><testcase classname="src.tests.test_model_registry" name="test_shadow_cannot_promote_without_approval_and_gate" time="0.196" /><testcase classname="src.tests.test_model_registry" name="test_configured_openai_official_is_registered" time="0.184" /><testcase classname="src.tests.test_multi_year_stress" name="test_multi_year_stress_separates_observed_and_counterfactual_layers" time="0.001" /><testcase classname="src.tests.test_multi_year_stress" name="test_multi_year_stress_rejects_bitcoin_as_observed" time="0.001" /><testcase classname="src.tests.test_multi_year_stress" name="test_multi_year_stress_is_added_to_the_btc_realty_category" time="0.003" /><testcase classname="src.tests.test_multivariate_timeseries" name="test_timeseries_contract_is_preregistered_and_isolated" time="0.045" /><testcase classname="src.tests.test_multivariate_timeseries" name="test_incremental_series_excludes_discontinued_historical_bridge" time="0.018" /><testcase classname="src.tests.test_multivariate_timeseries" name="test_timeseries_workflow_checkpoints_raw_pit_before_model_work" time="0.001" /><testcase classname="src.tests.test_multivariate_timeseries" name="test_raw_first_receipt_redacts_api_key_and_gzip_is_deterministic" time="0.017" /><testcase classname="src.tests.test_multivariate_timeseries" name="test_alfred_history_batches_below_json_vintage_limit_and_preserves_receipts" time="0.096" /><testcase classname="src.tests.test_multivariate_timeseries" name="test_incremental_collection_reports_retryable_series_failure_without_hiding_it" time="0.021" /><testcase classname="src.tests.test_multivariate_timeseries" name="test_bootstrap_still_fails_closed_on_retryable_series_error" time="0.018" /><testcase classname="src.tests.test_multivariate_timeseries" name="test_alfred_fetch_retries_socket_timeout_without_leaking_request_url" time="0.001" /><testcase classname="src.tests.test_multivariate_timeseries" name="test_alfred_observation_504_splits_large_batch_but_not_contract_errors" time="0.002" /><testcase classname="src.tests.test_multivariate_timeseries" name="test_alfred_timeout_splits_to_atomic_vintage_before_retry" time="0.001" /><testcase classname="src.tests.test_multivariate_timeseries" name="test_alfred_vintage_closure_appends_explicit_supersedes" time="0.046" /><testcase classname="src.tests.test_multivariate_timeseries" name="test_live_alfred_refresh_uses_realtime_max_across_utc_date_boundary" time="0.007" /><testcase classname="src.tests.test_multivariate_timeseries" name="test_alfred_date_only_vintage_uses_conservative_end_of_day_availability" time="0.001" /><testcase classname="src.tests.test_multivariate_timeseries" name="test_alfred_single_day_vintage_has_a_positive_exclusive_interval" time="0.001" /><testcase classname="src.tests.test_multivariate_timeseries" name="test_alfred_output_type_three_wide_vintages_are_normalized_and_closed" time="0.009" /><testcase classname="src.tests.test_multivariate_timeseries" name="test_preserved_output_type_three_raw_rebuilds_idempotent_fact_ledger" time="0.037" /><testcase classname="src.tests.test_multivariate_timeseries" name="test_ridge_varx_recovers_synthetic_next_value_and_contributions" time="0.095" /><testcase classname="src.tests.test_multivariate_timeseries" name="test_correlated_bootstrap_is_deterministic_and_quantiles_are_monotone" time="2.680" /><testcase classname="src.tests.test_multivariate_timeseries" name="test_ensemble_weight_bounds_and_history_fallback" time="0.001" /><testcase classname="src.tests.test_multivariate_timeseries" name="test_blocked_artifact_hides_numbers_and_replays" time="0.032" /><testcase classname="src.tests.test_multivariate_timeseries" name="test_forecast_correction_is_append_only" time="0.011" /><testcase classname="src.tests.test_multivariate_timeseries" name="test_backtest_gate_hides_small_samples" time="0.045" /><testcase classname="src.tests.test_multivariate_timeseries" name="test_event_actual_is_prohibited_before_release" time="0.001" /><testcase classname="src.tests.test_multivariate_timeseries" name="test_event_ledger_is_pit_and_overlay_does_not_change_varx_coefficients" time="0.346" /><testcase classname="src.tests.test_multivariate_timeseries" name="test_diebold_mariano_uses_serial_dependence_hac" time="0.001" /><testcase classname="src.tests.test_multivariate_timeseries" name="test_release_after_market_close_enters_only_next_completed_session" time="0.195" /><testcase classname="src.tests.test_multivariate_timeseries" name="test_inner_selection_cannot_see_rows_after_outer_training_end" time="0.465" /><testcase classname="src.tests.test_multivariate_timeseries" name="test_log_return_paths_restore_index_exactly" time="0.000" /><testcase classname="src.tests.test_multivariate_timeseries" name="test_workbook_jsonl_parquet_reconciliation" time="0.077" /><testcase classname="src.tests.test_multivariate_timeseries" name="test_insufficient_pit_sample_persists_explicit_fit_and_backtest_holds" time="0.081" /><testcase classname="src.tests.test_multivariate_timeseries" name="test_forecast_surfaces_persisted_validation_hold_reason" time="0.088" /><testcase classname="src.tests.test_multivariate_timeseries" name="test_workbook_reads_validation_hold_as_model_card" time="0.069" /><testcase classname="src.tests.test_multivariate_timeseries" name="test_source_hash_excludes_facts_after_the_knowledge_cutoff" time="0.011" /><testcase classname="src.tests.test_multivariate_timeseries" name="test_dynamic_factor_mq_consumes_monthly_and_quarterly_ragged_edge" time="0.677" /><testcase classname="src.tests.test_multivariate_timeseries" name="test_release_aligned_factor_history_fits_once_and_keeps_origin_pit_hold" time="0.001" /><testcase classname="src.tests.test_multivariate_timeseries" name="test_later_vintage_cannot_mutate_earlier_release_feature_bytes" time="0.005" /><testcase classname="src.tests.test_multivariate_timeseries_v2" name="test_sealed_backtest_accepts_prior_52_development_origins_for_first_weight" time="0.001" /><testcase classname="src.tests.test_multivariate_timeseries_v2" name="test_v2_combined_ci_preserves_weekly_origin_pairing_and_all_horizon_coverage" time="0.099" /><testcase classname="src.tests.test_multivariate_timeseries_v2" name="test_ensemble_history_uses_latest_52_completed_21d_origins" time="0.001" /><testcase classname="src.tests.test_multivariate_timeseries_v2" name="test_workbook_audits_append_only_sealed_correction_as_one_active_run" time="0.010" /><testcase classname="src.tests.test_multivariate_timeseries_v2" name="test_workbook_flags_correction_that_does_not_reference_a_sealed_run" time="0.005" /><testcase classname="src.tests.test_multivariate_timeseries_v2" name="test_v2_baselines_are_vectorized_deterministic_and_well_shaped" time="0.068" /><testcase classname="src.tests.test_multivariate_timeseries_v2" name="test_vectorized_ewma_scale_matches_preregistered_recurrence" time="0.138" /><testcase classname="src.tests.test_multivariate_timeseries_v2" name="test_weekly_origin_includes_completed_close_and_targets_following_session" time="0.007" /><testcase classname="src.tests.test_multivariate_timeseries_v2" name="test_backtest_seed_is_bound_to_model_version_and_as_of" time="0.001" /><testcase classname="src.tests.test_multivariate_timeseries_v2" name="test_batched_v2_selector_is_numerically_equivalent_to_preregistered_selector" time="0.069" /><testcase classname="src.tests.test_multivariate_timeseries_v2" name="test_batched_distribution_and_paths_are_deterministic_and_preserve_cross_correlation" time="0.225" /><testcase classname="src.tests.test_multivariate_timeseries_v2" name="test_market_and_treasury_availability_respect_new_york_dst" time="0.000" /><testcase classname="src.tests.test_multivariate_timeseries_v2" name="test_v2_contract_freezes_candidates_windows_units_and_isolation" time="0.017" /><testcase classname="src.tests.test_multivariate_timeseries_v2" name="test_market_raw_is_content_addressed_and_secret_free" time="0.013" /><testcase classname="src.tests.test_multivariate_timeseries_v2" name="test_official_archive_parsers_read_vix_and_treasury" time="0.001" /><testcase classname="src.tests.test_multivariate_timeseries_v2" name="test_market_observation_is_reconstructed_not_native_and_revision_is_explicit" time="0.020" /><testcase classname="src.tests.test_multivariate_timeseries_v2" name="test_forward_captured_observation_is_not_backdated" time="0.014" /><testcase classname="src.tests.test_multivariate_timeseries_v2" name="test_dfm_cache_is_origin_specific_pit_and_future_cache_is_not_linked" time="0.041" /><testcase classname="src.tests.test_multivariate_timeseries_v2" name="test_dfm_runtime_correction_preserves_old_cache_and_supersedes_manifest" time="0.034" /><testcase classname="src.tests.test_multivariate_timeseries_v2" name="test_failed_dfm_refit_invalidates_prior_factor_instead_of_reusing_it" time="0.031" /><testcase classname="src.tests.test_multivariate_timeseries_v2" name="test_blocked_latest_never_exposes_numbers_and_visible_requires_gate" time="0.009" /><testcase classname="src.tests.test_multivariate_timeseries_v2" name="test_sealed_ledger_is_append_only_and_single_identity" time="0.009" /><testcase classname="src.tests.test_multivariate_timeseries_v2" name="test_sealed_evaluation_can_be_disclosed_only_once_per_frozen_contract" time="0.019" /><testcase classname="src.tests.test_multivariate_timeseries_v2" name="test_calculation_error_invalidation_is_append_only_and_authorizes_exact_replacement" time="0.045" /><testcase classname="src.tests.test_multivariate_timeseries_v2" name="test_sealed_correction_chain_authorizes_only_latest_replacement" time="0.111" /><testcase classname="src.tests.test_multivariate_timeseries_v2" name="test_correction_amendment_supersedes_stale_replacement_authorization" time="0.022" /><testcase classname="src.tests.test_multivariate_timeseries_v2" name="test_development_only_candidate_disclosure_is_disabled" time="0.007" /><testcase classname="src.tests.test_multivariate_timeseries_v2" name="test_sealed_evaluation_cannot_reduce_the_preregistered_20000_paths" time="0.017" /><testcase classname="src.tests.test_multivariate_timeseries_v2" name="test_sealed_provenance_records_each_source_ledger_hash" time="0.012" /><testcase classname="src.tests.test_multivariate_timeseries_v2" name="test_dfm_runtime_is_exactly_preregistered_and_auditable" time="0.009" /><testcase classname="src.tests.test_multivariate_timeseries_v2" name="test_candidate_selection_requires_comparable_full_development_era" time="0.015" /><testcase classname="src.tests.test_multivariate_timeseries_v2" name="test_required_market_freshness_blocks_any_group_older_than_48_hours" time="0.015" /><testcase classname="src.tests.test_multivariate_timeseries_v2" name="test_operational_monitoring_uses_matured_shadow_origins_and_enforces_coverage" time="0.019" /><testcase classname="src.tests.test_multivariate_timeseries_v2" name="test_v2_workflow_preserves_raw_before_model_and_uses_secret_only_for_collection" time="0.001" /><testcase classname="src.tests.test_multivariate_timeseries_v2" name="test_v2_workflow_runs_exact_runtime_gate_on_same_repo_pr_and_main_bootstrap" time="0.001" /><testcase classname="src.tests.test_multivariate_timeseries_v3" name="test_v3_contract_is_new_and_v2_benchmark_is_byte_identified" time="0.043" /><testcase classname="src.tests.test_multivariate_timeseries_v3" name="test_direct_target_alignment_and_index_round_trip" time="0.001" /><testcase classname="src.tests.test_multivariate_timeseries_v3" name="test_snapshot_rejects_future_available_fact_and_feature" time="0.000" /><testcase classname="src.tests.test_multivariate_timeseries_v3" name="test_direct_horizon_ridge_recovers_distinct_targets_and_bounds_correction" time="0.002" /><testcase classname="src.tests.test_multivariate_timeseries_v3" name="test_analog_quantile_uses_only_fitted_rows_and_bounded_location" time="0.001" /><testcase classname="src.tests.test_multivariate_timeseries_v3" name="test_fixed_anchor_is_deterministic_and_not_rowwise_oracle" time="0.010" /><testcase classname="src.tests.test_multivariate_timeseries_v3" name="test_dfm_alignment_anchors_reference_sign_scale_and_features" time="0.001" /><testcase classname="src.tests.test_multivariate_timeseries_v3" name="test_event_actual_leakage_revision_chain_and_local_path_effect" time="0.012" /><testcase classname="src.tests.test_multivariate_timeseries_v3" name="test_report_signals_are_timestamped_deduplicated_and_revision_linked" time="0.009" /><testcase classname="src.tests.test_multivariate_timeseries_v3" name="test_market_implied_probability_is_not_physical_without_60_outcomes" time="0.001" /><testcase classname="src.tests.test_multivariate_timeseries_v3" name="test_stacking_enforces_anchor_floor_and_zeroes_absent_event" time="0.001" /><testcase classname="src.tests.test_multivariate_timeseries_v3" name="test_joint_endpoint_bridge_is_exact_and_paths_are_diverse" time="0.004" /><testcase classname="src.tests.test_multivariate_timeseries_v3" name="test_quantile_monotonicity_crps_and_wilson_are_independently_computable" time="0.001" /><testcase classname="src.tests.test_multivariate_timeseries_v3" name="test_research_gate_uses_fixed_comparator_and_mandatory_conditional_tables" time="0.022" /><testcase classname="src.tests.test_multivariate_timeseries_v3" name="test_tail_weighted_crps_and_path_risk_audit_are_finite" time="0.001" /><testcase classname="src.tests.test_multivariate_timeseries_v3" name="test_monitoring_is_sample_aware_and_freshness_uses_release_calendar" time="0.001" /><testcase classname="src.tests.test_multivariate_timeseries_v3" name="test_v3_workbook_path_is_isolated_from_v2_and_official_ledgers" time="0.000" /><testcase classname="src.tests.test_multivariate_timeseries_v4" name="test_v4_contract_keeps_predecessors_and_gate_immutable" time="0.016" /><testcase classname="src.tests.test_multivariate_timeseries_v4" name="test_cboe_index_and_market_volume_are_explicitly_timed_and_scaled" time="0.000" /><testcase classname="src.tests.test_multivariate_timeseries_v4" name="test_cleveland_archive_preserves_as_of_and_target_period" time="0.000" /><testcase classname="src.tests.test_multivariate_timeseries_v4" name="test_spf_release_date_and_xlsx_become_pit_forecast_facts" time="0.003" /><testcase classname="src.tests.test_multivariate_timeseries_v4" name="test_raw_receipt_observation_and_revision_are_append_only" time="0.028" /><testcase classname="src.tests.test_multivariate_timeseries_v4" name="test_availability_alignment_never_backfills_before_release" time="0.008" /><testcase classname="src.tests.test_multivariate_timeseries_v4" name="test_origin_risk_score_uses_only_prior_rows" time="0.004" /><testcase classname="src.tests.test_multivariate_timeseries_v4" name="test_repository_v4_run_is_hash_bound_and_fail_closed" time="1.791" /><testcase classname="src.tests.test_multivariate_timeseries_v5" name="test_v5_contract_keeps_model_probability_and_gate_frozen" time="0.013" /><testcase classname="src.tests.test_multivariate_timeseries_v5" name="test_raw_store_is_content_addressed_and_control_plane_is_append_only" time="0.020" /><testcase classname="src.tests.test_multivariate_timeseries_v5" name="test_revision_and_unchanged_receipt_link_semantics" time="0.002" /><testcase classname="src.tests.test_multivariate_timeseries_v5" name="test_lineage_requires_terminal_outcome_and_fact_link" time="0.001" /><testcase classname="src.tests.test_multivariate_timeseries_v5" name="test_pit_boundary_and_xnas_weekend_freshness" time="0.578" /><testcase classname="src.tests.test_multivariate_timeseries_v5" name="test_available_at_alignment_never_backfills_before_first_eligible_close" time="0.006" /><testcase classname="src.tests.test_multivariate_timeseries_v5" name="test_direct_location_scale_model_recovers_synthetic_direction" time="0.526" /><testcase classname="src.tests.test_multivariate_timeseries_v5" name="test_core_and_challenger_candidates_use_preregistered_feature_blocks" time="0.003" /><testcase classname="src.tests.test_multivariate_timeseries_v5" name="test_convex_stacking_weight_is_selected_inside_anchor_floor" time="0.070" /><testcase classname="src.tests.test_multivariate_timeseries_v5" name="test_inner_quantile_calibration_preserves_monotonic_distribution" time="0.000" /><testcase classname="src.tests.test_multivariate_timeseries_v5" name="test_preregistered_bundle_contains_real_hgb_and_evt_within_budget" time="3.452" /><testcase classname="src.tests.test_multivariate_timeseries_v5" name="test_evaluation_gate_does_not_silently_clip_or_pass_bad_model" time="0.176" /><testcase classname="src.tests.test_multivariate_timeseries_v5" name="test_artifact_visibility_requires_both_gates_and_hides_hold_numbers" time="0.001" /><testcase classname="src.tests.test_multivariate_timeseries_v5" name="test_read_model_accepts_isolated_v5_hold" time="0.001" /><testcase classname="src.tests.test_multivariate_timeseries_v5" name="test_source_catalog_and_secret_redaction_are_explicit" time="0.000" /><testcase classname="src.tests.test_multivariate_timeseries_v5" name="test_json_parser_keeps_provider_dimensions_to_avoid_false_revisions" time="0.001" /><testcase classname="src.tests.test_multivariate_timeseries_v5" name="test_atlas_compute_worker_strips_provider_and_storage_secrets" time="0.002" /><testcase classname="src.tests.test_multivariate_timeseries_v5" name="test_workflow_separates_collection_secrets_from_compute" time="0.001" /><testcase classname="src.tests.test_o_entry_cohort" name="test_o_entry_cohort_pit_uses_next_month_fill_and_realized_dividends_only" time="0.003" /><testcase classname="src.tests.test_o_entry_cohort" name="test_o_entry_cohort_statistics_recalculate_from_fixed_fixture" time="0.001" /><testcase classname="src.tests.test_o_entry_cohort" name="test_cohort_semantics_ignore_transport_receipt_churn_only" time="0.000" /><testcase classname="src.tests.test_o_entry_cohort" name="test_o_entry_cohort_rejects_same_month_or_entry_state_output" time="0.001" /><testcase classname="src.tests.test_o_entry_cohort" name="test_repository_cohort_has_full_dotcom_and_oos_evidence" time="0.029" /><testcase classname="src.tests.test_official_data_workbook" name="test_excel_audit_export_reconciles_to_canonical_ledgers" time="0.060" /><testcase classname="src.tests.test_official_sources" name="test_alfred_request_carries_realtime_bounds" time="0.001" /><testcase classname="src.tests.test_official_sources" name="test_alfred_history_requests_use_revision_delta_and_inventory_pagination" time="0.000" /><testcase classname="src.tests.test_official_sources" name="test_alfred_normalization_preserves_vintage_interval" time="0.001" /><testcase classname="src.tests.test_official_sources" name="test_sec_user_agent_identity_is_mandatory" time="0.000" /><testcase classname="src.tests.test_probability_contract" name="test_explicit_units_normalize_without_heuristics" time="0.001" /><testcase classname="src.tests.test_probability_contract" name="test_invalid_fraction_is_rejected_instead_of_guessed" time="0.000" /><testcase classname="src.tests.test_probability_contract" name="test_record_preserves_semantics_and_conversion_receipt" time="0.001" /><testcase classname="src.tests.test_provider_governance" name="test_established_anthropic_provider_needs_no_new_approval" time="0.004" /><testcase classname="src.tests.test_provider_governance" name="test_openai_official_switch_is_blocked_without_exact_approval" time="0.008" /><testcase classname="src.tests.test_provider_governance" name="test_openai_official_switch_requires_matching_snapshot_and_reviewer" time="0.006" /><testcase classname="src.tests.test_provider_governance" name="test_cost_log_keeps_provider_identity_separate" time="0.031" /><testcase classname="src.tests.test_provider_governance" name="test_cost_log_survives_a_fresh_sqlite_index" time="0.068" /><testcase classname="src.tests.test_provider_governance" name="test_failed_pipeline_usage_is_persisted_before_reraising" time="0.038" /><testcase classname="src.tests.test_provider_shadow" name="test_shadow_is_separate_and_append_only" time="0.010" /><testcase classname="src.tests.test_quant" name="test_normalize_and_offset" time="0.001" /><testcase classname="src.tests.test_quant" name="test_max_drawdown_known" time="0.001" /><testcase classname="src.tests.test_quant" name="test_hurst_random_walk_near_half" time="0.007" /><testcase classname="src.tests.test_quant" name="test_hurst_persistent_higher" time="0.009" /><testcase classname="src.tests.test_quant" name="test_power_law_recovers_exact_beta" time="0.002" /><testcase classname="src.tests.test_quant" name="test_dtw_identity_zero" time="0.003" /><testcase classname="src.tests.test_quant" name="test_best_shift_detects_lead" time="0.003" /><testcase classname="src.tests.test_quant" name="test_gbm_reproducible_and_sane" time="0.004" /><testcase classname="src.tests.test_quant" name="test_lppl_recovers_synthetic_tc" time="1.404" /><testcase classname="src.tests.test_quant" name="test_midterm_stats_synthetic" time="0.002" /><testcase classname="src.tests.test_quant_feed" name="test_yahoo_empty_adjusted_array_falls_back_to_close" time="0.000" /><testcase classname="src.tests.test_quant_feed" name="test_yahoo_nonpositive_close_is_dropped_and_counted" time="0.000" /><testcase classname="src.tests.test_quant_feed" name="test_yahoo_length_mismatch_raises_instead_of_zip_truncation" time="0.001" /><testcase classname="src.tests.test_quant_feed" name="test_get_rejects_zero_retry_configuration" time="0.013" /><testcase classname="src.tests.test_quant_feed" name="test_yahoo_dividends_filters_invalid_events" time="0.000" /><testcase classname="src.tests.test_quant_feed" name="test_curl_fallback_preserves_source_response" time="0.001" /><testcase classname="src.tests.test_quant_feed" name="test_curl_fallback_uses_public_dns_for_same_https_url" time="0.001" /><testcase classname="src.tests.test_quant_integrity_v2" name="test_repeated_fomc_rounds_form_one_unique_event" time="0.295" /><testcase classname="src.tests.test_quant_integrity_v2" name="test_invalid_benchmark_probability_is_excluded_not_silently_scaled" time="0.041" /><testcase classname="src.tests.test_quant_integrity_v2" name="test_strict_sync_rolls_back_on_forecast_tamper" time="1.334" /><testcase classname="src.tests.test_ralph_timeseries" name="test_ralph_allowlist_blocks_secrets_and_protected_paths" time="0.000" /><testcase classname="src.tests.test_ralph_timeseries" name="test_ralph_agent_environment_removes_collection_and_github_secrets" time="0.001" /><testcase classname="src.tests.test_ralph_timeseries" name="test_blocker_signature_ignores_hashes_numbers_and_whitespace" time="0.001" /><testcase classname="src.tests.test_ralph_timeseries" name="test_new_ralph_worktree_uses_the_reviewed_head_by_default" time="0.011" /><testcase classname="src.tests.test_ralph_timeseries" name="test_abort_and_report_are_persistent" time="0.009" /><testcase classname="src.tests.test_ralph_timeseries" name="test_resume_extends_budget_without_changing_frozen_state" time="0.008" /><testcase classname="src.tests.test_ralph_timeseries" name="test_fake_codex_never_auto_merges_without_full_release_gate" time="0.034" /><testcase classname="src.tests.test_ralph_timeseries" name="test_fake_codex_auto_merge_only_after_release_gate" time="0.012" /><testcase classname="src.tests.test_ralph_timeseries" name="test_sealed_failure_stops_without_invoking_codex_or_retuning" time="0.014" /><testcase classname="src.tests.test_ralph_timeseries" name="test_external_freshness_hold_never_triggers_code_repair" time="0.016" /><testcase classname="src.tests.test_ralph_timeseries" name="test_external_dfm_runtime_hold_never_triggers_code_repair" time="0.017" /><testcase classname="src.tests.test_ralph_timeseries" name="test_superseded_legacy_dfm_runtime_does_not_hold_ralph" time="0.009" /><testcase classname="src.tests.test_ralph_timeseries" name="test_forbidden_mutation_is_discarded_and_stops_the_loop" time="0.011" /><testcase classname="src.tests.test_read_model_contract" name="test_read_model_contract_rejects_removed_legacy_key" time="0.001" /><testcase classname="src.tests.test_read_model_contract" name="test_read_model_contract_rejects_probability_space_drift" time="0.000" /><testcase classname="src.tests.test_read_model_contract" name="test_json_schema_lists_all_additive_and_legacy_keys" time="0.000" /><testcase classname="src.tests.test_read_model_contract" name="test_read_model_contract_rejects_cross_asset_semantic_drift" time="0.000" /><testcase classname="src.tests.test_read_model_contract" name="test_read_model_contract_rejects_new_reference_space_drift" time="0.000" /><testcase classname="src.tests.test_read_model_contract" name="test_timeseries_shadow_cannot_silently_combine_or_show_failed_gate_numbers" time="0.000" /><testcase classname="src.tests.test_realty_income" name="test_hy_event_history_merges_pinned_legacy_capture" time="0.001" /><testcase classname="src.tests.test_realty_income" name="test_macro_contract_rejects_missing_key_month" time="0.004" /><testcase classname="src.tests.test_realty_income" name="test_significance_gate_zeros_crossing_or_short_beta" time="0.000" /><testcase classname="src.tests.test_realty_income" name="test_significance_gate_requires_two_consecutive_sample_failures" time="0.001" /><testcase classname="src.tests.test_realty_income" name="test_hysteresis_does_not_delay_ci_failure" time="0.000" /><testcase classname="src.tests.test_realty_income" name="test_dividend_csv_is_append_only_and_detects_revision" time="0.010" /><testcase classname="src.tests.test_realty_income" name="test_dividend_monitor_marks_maintenance_without_probability" time="0.000" /><testcase classname="src.tests.test_realty_income" name="test_official_dividend_crosscheck_confirms_direction_not_exact_basis" time="0.003" /><testcase classname="src.tests.test_realty_income" name="test_event_registry_is_fixed_to_six_preregistered_events" time="0.012" /><testcase classname="src.tests.test_scenario" name="test_build_scenario_is_deterministic_and_partitioned" time="0.288" /><testcase classname="src.tests.test_scenario" name="test_schema2_archive_remains_valid_after_structural_upgrade" time="0.153" /><testcase classname="src.tests.test_scenario" name="test_structural_v3_revision_preserves_distribution_weights_and_endpoints" time="0.004" /><testcase classname="src.tests.test_scenario" name="test_public_snapshot_reproduces_partition_and_all_quantile_cells" time="0.729" /><testcase classname="src.tests.test_scenario" name="test_band_calibration_is_append_only_and_duplicate_safe" time="0.168" /><testcase classname="src.tests.test_scenario" name="test_horizon_coverage_hides_rates_until_sixty_observations" time="0.010" /><testcase classname="src.tests.test_scenario" name="test_nyse_calendar_skips_weekends_and_registered_holidays" time="0.004" /><testcase classname="src.tests.test_scenario" name="test_validate_rejects_probability_or_length_drift" time="0.742" /><testcase classname="src.tests.test_scenario" name="test_path_realism_recomputes_drawdowns_and_samples_deterministically" time="0.002" /><testcase classname="src.tests.test_scenario" name="test_load_latest_uses_valid_file_and_fails_safe" time="0.126" /><testcase classname="src.tests.test_scenario" name="test_load_latest_recovers_newest_valid_archive" time="0.145" /><testcase classname="src.tests.test_scenario" name="test_history_is_compact_sorted_capped_and_skips_corruption" time="0.166" /><testcase classname="src.tests.test_scenario" name="test_history_limit_zero_returns_empty" time="0.168" /><testcase classname="src.tests.test_scenario" name="test_refresh_skips_same_completed_market_day" time="2.189" /><testcase classname="src.tests.test_scenario" name="test_refresh_never_regresses_when_feed_temporarily_lags" time="2.172" /><testcase classname="src.tests.test_scenario" name="test_same_asof_archive_is_immutable_without_approved_revision" time="0.147" /><testcase classname="src.tests.test_scenario_v4_shadow" name="test_v4_shadow_uses_actual_member_paths_and_blocks_promotion" time="0.004" /><testcase classname="src.tests.test_scenario_v4_shadow" name="test_v4_shadow_rejects_forbidden_guardrail_drift" time="0.003" /><testcase classname="src.tests.test_scenario_v5" name="test_delivery_package_uses_central_review_tree" time="0.000" /><testcase classname="src.tests.test_scenario_v5" name="test_candidate_contract_and_source_snapshot_hash" time="0.014" /><testcase classname="src.tests.test_scenario_v5" name="test_identity_is_honest_legacy_prior_not_rcfhs" time="0.002" /><testcase classname="src.tests.test_scenario_v5" name="test_prior_reproduces_snapshot_partition_exactly" time="0.414" /><testcase classname="src.tests.test_scenario_v5" name="test_evidence_is_point_in_time_and_probability_units_are_explicit" time="0.002" /><testcase classname="src.tests.test_scenario_v5" name="test_only_registered_physical_views_are_numerical" time="0.002" /><testcase classname="src.tests.test_scenario_v5" name="test_entropy_pooling_fit_and_concentration_gates" time="0.003" /><testcase classname="src.tests.test_scenario_v5" name="test_scenario_partition_and_conditional_bands" time="0.006" /><testcase classname="src.tests.test_scenario_v5" name="test_representatives_are_actual_distinct_members" time="0.231" /><testcase classname="src.tests.test_scenario_v5" name="test_same_shape_gate_passes_with_non_degenerate_paths" time="0.006" /><testcase classname="src.tests.test_scenario_v5" name="test_unmapped_event_impacts_are_exactly_zero" time="0.003" /><testcase classname="src.tests.test_scenario_v5" name="test_dashboard_keeps_v5_as_non_default_research_support" time="0.004" /><testcase classname="src.tests.test_scenario_v5_1" name="test_v5_1_candidate_is_strict_and_source_exact" time="0.316" /><testcase classname="src.tests.test_scenario_v5_1" name="test_no_hardcoded_aug4_horizon_and_started_window_is_blocked" time="0.006" /><testcase classname="src.tests.test_scenario_v5_1" name="test_started_unconditional_and_unvalidated_survival_views_fail" time="0.023" /><testcase classname="src.tests.test_scenario_v5_1" name="test_endogenous_ancestor_views_are_reference_only_and_fail_if_used" time="0.013" /><testcase classname="src.tests.test_scenario_v5_1" name="test_dependency_dedup_and_cluster_cap_are_solver_inputs" time="0.000" /><testcase classname="src.tests.test_scenario_v5_1" name="test_strict_validator_numeric_date_quantile_length_and_member_mutations" time="0.385" /><testcase classname="src.tests.test_scenario_v5_1" name="test_ess_visibility_probability_space_and_source_hash_mutations" time="0.657" /><testcase classname="src.tests.test_scenario_v5_1" name="test_append_only_market_history_growth_preserves_referenced_evidence" time="0.530" /><testcase classname="src.tests.test_scenario_v5_1" name="test_future_and_naive_available_at_fail" time="0.032" /><testcase classname="src.tests.test_scenario_v5_1" name="test_runtime_loader_current_and_stale_states" time="0.792" /><testcase classname="src.tests.test_scenario_v5_1" name="test_correction_timing_is_distribution_not_exact_date" time="0.004" /><testcase classname="src.tests.test_scenario_v5_1" name="test_october_2_is_sampling_coordinate_not_baseline_exact_trough" time="0.005" /><testcase classname="src.tests.test_scenario_v5_1" name="test_p50_primary_member_secondary_and_2027_common_continuation" time="0.003" /><testcase classname="src.tests.test_scenario_v5_1" name="test_approved_report_contract_rejects_llm_only_or_incomplete_rows" time="0.000" /><testcase classname="src.tests.test_scenario_v5_1" name="test_model_content_hash_is_deterministic_and_receipt_is_separate" time="0.013" /><testcase classname="src.tests.test_scenario_v5_2" name="test_numerical_model_hash_ignores_only_machine_epsilon_noise" time="0.000" /><testcase classname="src.tests.test_scenario_v5_2" name="test_structural_counterfactual_hashes_use_cross_platform_precision" time="0.004" /><testcase classname="src.tests.test_scenario_v5_2" name="test_review_package_uses_central_review_tree" time="0.000" /><testcase classname="src.tests.test_scenario_v5_2" name="test_candidate_passes_strict_validation_and_sources" time="0.151" /><testcase classname="src.tests.test_scenario_v5_2" name="test_july_jobs_actual_was_not_available_to_v5_1" time="0.056" /><testcase classname="src.tests.test_scenario_v5_2" name="test_bls_actual_revision_and_participation_contract" time="0.057" /><testcase classname="src.tests.test_scenario_v5_2" name="test_full_fed_target_range_distributions_and_pre_post_moves" time="0.060" /><testcase classname="src.tests.test_scenario_v5_2" name="test_structured_employment_consensus_is_used_and_disclosed_honestly" time="0.068" /><testcase classname="src.tests.test_scenario_v5_2" name="test_growth_risk_policy_relief_and_attribution_are_separate" time="0.007" /><testcase classname="src.tests.test_scenario_v5_2" name="test_event_day_return_is_anchor_only_and_zero_future_jump" time="0.006" /><testcase classname="src.tests.test_scenario_v5_2" name="test_forecast_anchor_tracks_latest_completed_official_snapshot" time="0.007" /><testcase classname="src.tests.test_scenario_v5_2" name="test_valuation_is_fail_closed_without_vintage_complete_cross_era_history" time="0.005" /><testcase classname="src.tests.test_scenario_v5_2" name="test_four_ablations_have_quantitative_and_concentrated_results" time="0.004" /><testcase classname="src.tests.test_scenario_v5_2" name="test_dotcom_weight_is_strongest_in_s1_without_cherry_picking" time="0.009" /><testcase classname="src.tests.test_scenario_v5_2" name="test_three_scenarios_use_distinct_frozen_database_clusters" time="0.006" /><testcase classname="src.tests.test_scenario_v5_2" name="test_dotcom_strength_sensitivity_is_monotonic_and_concentrated" time="0.006" /><testcase classname="src.tests.test_scenario_v5_2" name="test_abc_weight_spaces_and_generator_block_provenance_are_separate" time="0.014" /><testcase classname="src.tests.test_scenario_v5_2" name="test_report_only_distinctness_is_measured_without_path_mutation" time="0.005" /><testcase classname="src.tests.test_scenario_v5_2" name="test_structural_event_adapter_changes_episode_and_duration_selection" time="0.013" /><testcase classname="src.tests.test_scenario_v5_2" name="test_structural_event_ablation_changes_all_three_path_databases" time="0.004" /><testcase classname="src.tests.test_scenario_v5_2" name="test_s2_is_not_an_arithmetic_mean_and_short_horizon_is_visibly_distinct" time="0.006" /><testcase classname="src.tests.test_scenario_v5_2" name="test_generator_dependency_cap_blocks_above_060_outside_shadow" time="0.336" /><testcase classname="src.tests.test_scenario_v5_2" name="test_event_learning_is_append_only_pit_safe_and_revision_aware" time="0.009" /><testcase classname="src.tests.test_scenario_v5_2" name="test_event_learning_rejects_future_vintage_and_bad_correction" time="0.006" /><testcase classname="src.tests.test_scenario_v5_2" name="test_distribution_spaces_stay_separate_while_research_ui_is_shared_scale" time="0.021" /><testcase classname="src.tests.test_scenario_v5_2" name="test_p50_has_no_fake_wiggle_and_bundle_is_actual_members" time="0.005" /><testcase classname="src.tests.test_scenario_v5_2" name="test_october_2_is_not_an_exact_date_forecast" time="0.005" /><testcase classname="src.tests.test_scenario_v5_2" name="test_dependency_cap_circularity_and_2027_distinctness_gates" time="0.004" /><testcase classname="src.tests.test_scenario_v5_2" name="test_pre_post_comparison_includes_paths_probabilities_and_timing" time="0.004" /><testcase classname="src.tests.test_scenario_v5_2" name="test_seed_path_count_and_independent_phase_sampling_primitives" time="2.338" /><testcase classname="src.tests.test_scenario_v5_2" name="test_dashboard_projection_fresh_and_stale_fallback" time="0.366" /><testcase classname="src.tests.test_scenario_v5_2" name="test_projection_preserves_direction_changes" time="0.176" /><testcase classname="src.tests.test_scenario_v5_2" name="test_repository_dashboard_routes_v5_2_with_correct_semantics" time="0.004" /><testcase classname="src.tests.test_scenario_v5_2" name="test_pages_rebuilds_when_v5_2_projection_changes" time="0.001" /><testcase classname="src.tests.test_scenario_v5_2" name="test_every_protected_data_refresh_rebuilds_and_replay_verifies_v5_2" time="0.002" /><testcase classname="src.tests.test_scenario_v5_2" name="test_v52_method_changes_are_append_only_and_disclose_the_default_decision" time="0.009" /><testcase classname="src.tests.test_scenario_v5_2" name="test_mutations_fail_probability_dates_circularity_and_distinctness" time="1.864" /><testcase classname="src.tests.test_scenario_v5_2" name="test_protected_snapshot_ledger_and_archive_hashes_are_unchanged" time="0.066" /><testcase classname="src.tests.test_scenario_v5_2" name="test_runtime_protected_gate_allows_append_but_rejects_mutation" time="0.000" /><testcase classname="src.tests.test_scenario_v5_2" name="test_candidate_runtime_gate_uses_append_only_manifest_and_consumed_hashes" time="0.152" /><testcase classname="src.tests.test_scenario_v5_2" name="test_protected_hashes_normalize_git_text_eol_but_keep_ledgers_byte_exact" time="0.014" /><testcase classname="src.tests.test_security_audit" name="test_secret_scan_detects_key_shape_without_exposing_value" time="0.006" /><testcase classname="src.tests.test_security_audit" name="test_secret_scan_ignores_environment_variable_names" time="0.005" /><testcase classname="src.tests.test_security_audit" name="test_secret_scan_does_not_match_sk_inside_public_url_slug" time="0.005" /><testcase classname="src.tests.test_segment_filing_inventory" name="test_segment_inventory_stops_at_four_by_twelve_accessions" time="0.001" /><testcase classname="src.tests.test_shadow_models" name="test_volatility_shadows_and_bootstrap_are_deterministic" time="0.071" /><testcase classname="src.tests.test_shadow_models" name="test_breeden_litzenberger_is_explicitly_risk_neutral" time="0.001" /><testcase classname="src.tests.test_source_monitoring" name="test_monitor_records_health_metadata_without_raw_values" time="0.010" /><testcase classname="src.tests.test_source_monitoring" name="test_monitor_counts_consecutive_days_and_is_same_day_idempotent" time="0.016" /><testcase classname="src.tests.test_source_monitoring" name="test_mutable_monitor_status_is_not_registered_as_immutable_archive" time="0.010" /><testcase classname="src.tests.test_sprint1" name="test_parse_forecast_lenient" time="0.013" /><testcase classname="src.tests.test_sprint1" name="test_evidence_files_excluded" time="0.011" /><testcase classname="src.tests.test_sprint1" name="test_stem_parse" time="0.000" /><testcase classname="src.tests.test_sprint1" name="test_write_exclusive_refuses_overwrite" time="0.009" /><testcase classname="src.tests.test_sprint1" name="test_next_round" time="0.011" /><testcase classname="src.tests.test_sprint1" name="test_validate_new_record" time="0.000" /><testcase classname="src.tests.test_sprint1" name="test_ingest_idempotent" time="1.089" /><testcase classname="src.tests.test_sprint1" name="test_drift_file_modified" time="1.093" /><testcase classname="src.tests.test_sprint1" name="test_drift_file_deleted" time="0.986" /><testcase classname="src.tests.test_sprint1" name="test_drift_ledger_shrunk" time="1.139" /><testcase classname="src.tests.test_sprint1" name="test_drift_resolution_changed_warns" time="1.159" /><testcase classname="src.tests.test_sprint1" name="test_due_matrix" time="0.567" /><testcase classname="src.tests.test_sprint1" name="test_due_self_heals_after_gap" time="0.525" /><testcase classname="src.tests.test_sprint1" name="test_segment_activation" time="0.000" /><testcase classname="src.tests.test_sprint1" name="test_propose_schedule[\uc8fc 1\ud68c-expected0]" time="0.001" /><testcase classname="src.tests.test_sprint1" name="test_propose_schedule[\uc8fc 1\ud68c + \ub274\uc2a4 \ud2b8\ub9ac\uac70-expected1]" time="0.000" /><testcase classname="src.tests.test_sprint1" name="test_propose_schedule[D-30\ubd80\ud130 \uc8fc 2\ud68c-expected2]" time="0.000" /><testcase classname="src.tests.test_sprint1" name="test_propose_schedule[\uc8fc 1\ud68c, D-14\ubd80\ud130 \uc77c 1\ud68c-expected3]" time="0.000" /><testcase classname="src.tests.test_sprint1" name="test_propose_schedule[\uc77c 1\ud68c (P0\uc5d0\uc11c\ub294 \uc8fc 2\ud68c\ub85c \uc644\ud654)-expected4]" time="0.000" /><testcase classname="src.tests.test_sprint1" name="test_propose_schedule[1\ud68c\uc131 (\uc77c\uac04 \uc778\uc2a4\ud134\uc2a4)-expected5]" time="0.000" /><testcase classname="src.tests.test_sprint1" name="test_propose_schedule[FQ4 \ubc1c\ud45c(9/29) \ud6c4 \uc8fc 1\ud68c-expected6]" time="0.000" /><testcase classname="src.tests.test_sprint1" name="test_propose_schedule[\ub3c4\ubb34\uc9c0 \uc54c \uc218 \uc5c6\ub294 \ud14d\uc2a4\ud2b8-None]" time="0.000" /><testcase classname="src.tests.test_sprint1" name="test_brier_view" time="0.578" /><testcase classname="src.tests.test_sprint2" name="test_forecast_writes_immutable_record" time="1.609" /><testcase classname="src.tests.test_sprint2" name="test_dry_run_touches_nothing" time="0.056" /><testcase classname="src.tests.test_sprint2" name="test_missing_snapshot_aborts_without_write" time="0.042" /><testcase classname="src.tests.test_sprint2" name="test_tbd_deadline_aborts" time="0.040" /><testcase classname="src.tests.test_sprint2" name="test_official_write_allowed_through_kst_deadline_date[before-deadline]" time="0.631" /><testcase classname="src.tests.test_sprint2" name="test_official_write_allowed_through_kst_deadline_date[deadline-day-kst]" time="0.655" /><testcase classname="src.tests.test_sprint2" name="test_expired_active_question_cannot_write_official_revision" time="0.047" /><testcase classname="src.tests.test_sprint2" name="test_official_write_rechecks_deadline_after_forecast_work" time="0.050" /><testcase classname="src.tests.test_sprint2" name="test_inconsistent_aggregate_is_rejected_before_official_write" time="0.045" /><testcase classname="src.tests.test_sprint2" name="test_lockfile_blocks_double_run" time="0.047" /><testcase classname="src.tests.test_sprint3" name="test_resolve_appends_ledger_and_scores" time="1.368" /><testcase classname="src.tests.test_sprint3" name="test_resolve_void_writes_nothing" time="0.810" /><testcase classname="src.tests.test_sprint3" name="test_report_renders" time="1.066" /><testcase classname="src.tests.test_statistics_lab" name="test_public_request_retries_only_transient_failures" time="0.001" /><testcase classname="src.tests.test_statistics_lab" name="test_public_request_does_not_retry_permanent_http_error" time="0.001" /><testcase classname="src.tests.test_statistics_lab" name="test_sec_fetch_returns_the_exact_download_uri_for_raw_receipt" time="0.001" /><testcase classname="src.tests.test_statistics_lab" name="test_public_request_stays_fail_closed_after_retry_budget" time="0.000" /><testcase classname="src.tests.test_statistics_lab" name="test_fred_fetch_uses_same_url_transport_fallback" time="0.000" /><testcase classname="src.tests.test_statistics_lab" name="test_parsers_reject_missing_and_preserve_explicit_values" time="0.010" /><testcase classname="src.tests.test_statistics_lab" name="test_public_supplemental_parsers_preserve_source_definitions" time="0.003" /><testcase classname="src.tests.test_statistics_lab" name="test_manual_reference_staleness_stops_weekly_republication" time="0.005" /><testcase classname="src.tests.test_statistics_lab" name="test_build_statistics_lab_uses_authoritative_numeric_sources_only" time="0.086" /><testcase classname="src.tests.test_statistics_lab" name="test_ipo_reference_statistics_use_sec_denominator_and_stay_separate" time="0.049" /><testcase classname="src.tests.test_statistics_lab" name="test_new_raw_receipt_with_same_semantics_does_not_create_revision" time="0.246" /><testcase classname="src.tests.test_statistics_lab" name="test_changed_value_creates_explicit_superseding_revision" time="0.251" /><testcase classname="src.tests.test_statistics_lab" name="test_changed_unit_creates_explicit_superseding_revision" time="0.245" /><testcase classname="src.tests.test_statistics_lab" name="test_refresh_is_append_only_for_changed_weekly_snapshot" time="8.631" /><testcase classname="src.tests.test_statistics_lab" name="test_dashboard_statistics_route_and_weekly_workflow_are_wired" time="0.004" /><testcase classname="src.tests.test_statistics_lab" name="test_dashboard_projection_preserves_endpoints_with_compact_coordinates" time="0.081" /><testcase classname="src.tests.test_statistics_lab" name="test_ipo_reference_is_actual_only_and_sec_auditable" time="0.002" /><testcase classname="src.tests.test_statistics_lab" name="test_published_fedfunds_dotcom_path_is_monthly_and_not_a_rectangle" time="0.004" /><testcase classname="src.tests.test_statistics_lab" name="test_ipo_broad_cohort_rejects_count_drift_and_minimal_ai_usage" time="0.004" /><testcase classname="src.tests.test_u0_s0_scope" name="test_s0_selects_exactly_three_p1_d0_contracts" time="0.009" /><testcase classname="src.tests.test_u0_s0_scope" name="test_s0_contracts_are_disabled_and_have_no_collectors" time="0.104" /><testcase classname="src.tests.test_u0_s0_scope" name="test_s0_followup_keeps_exactly_three_parallel_d0_monitors" time="0.036" /><testcase classname="src.tests.test_u0_s0_scope" name="test_z1_proxy_is_direct_board_data_and_cannot_masquerade_as_finra" time="0.008" /><testcase classname="src.tests.test_u0_s0_scope" name="test_stlfsi4_d0_is_ephemeral_and_rights_gated_before_activation" time="0.006" /><testcase classname="src.tests.test_u0_s0_scope" name="test_finra_and_nfci_are_legal_gated_before_fetch" time="0.009" /><testcase classname="src.tests.test_u0_s0_scope" name="test_cftc_bitcoin_contract_pins_tff_dataset_and_pit_availability" time="0.009" /><testcase classname="src.tests.test_u0_s0_scope" name="test_u0_audit_releases_u1_gate_only_with_complete_capture_set" time="0.003" /><testcase classname="src.tests.test_ui_hysteresis_snapshot" name="test_beta_hysteresis_mock_states_render_snapshot" time="0.064" /><testcase classname="src.tests.test_verifier" name="test_real_repo_passes" time="2.494" /><testcase classname="src.tests.test_verifier" name="test_fixture_baseline_passes" time="0.818" /><testcase classname="src.tests.test_verifier" name="test_sim1_file_tamper_fails" time="0.784" /><testcase classname="src.tests.test_verifier" name="test_sim2_ledger_row_deletion_fails" time="0.902" /><testcase classname="src.tests.test_verifier" name="test_sim3_late_commit_fails" time="1.014" /><testcase classname="src.tests.test_website_data_lineage" name="test_lineage_contract_covers_every_dashboard_market_surface" time="0.018" /><testcase classname="src.tests.test_website_data_lineage" name="test_declared_source_artifacts_exist_and_generated_payload_names_match_code" time="0.019" /><testcase classname="src.tests.test_website_data_lineage" name="test_future_deferred_lineage_matches_dashboard_split_contract" time="0.019" /><testcase classname="src.tests.test_website_data_lineage" name="test_official_and_reference_numeric_policies_are_not_conflated" time="0.020" /><testcase classname="src.tests.test_website_data_lineage" name="test_observation_coverage_and_knowledge_cutoff_have_distinct_meanings" time="0.018" /><testcase classname="src.tests.test_ws1_factory" name="test_factory_filter_requires_marker" time="0.009" /><testcase classname="src.tests.test_ws1_factory" name="test_factory_filter_grandfather" time="0.005" /><testcase classname="src.tests.test_ws1_factory" name="test_factory_filter_blocks_forecast_preflight" time="0.023" /><testcase classname="src.tests.test_ws1_factory" name="test_once_from_segment_cadence" time="0.005" /><testcase classname="src.tests.test_ws1_factory" name="test_machine_check_path_touch_and_no" time="0.005" /><testcase classname="src.tests.test_ws1_factory" name="test_draft_writes_nothing" time="0.026" /><testcase classname="src.tests.test_ws1_resolution_queue" name="test_macro_nfp_draft_requires_matching_two_sources" time="0.005" /><testcase classname="src.tests.test_ws1_resolution_queue" name="test_earnings_multiplier_comes_from_registry_not_evidence" time="0.005" /><testcase classname="src.tests.test_ws1_resolution_queue" name="test_numeric_draft_is_explicit_when_data_or_rule_is_missing" time="0.006" /><testcase classname="src.tests.test_ws1_resolution_queue" name="test_resolution_json_loader_and_draft_write_nothing" time="0.025" /><testcase classname="src.tests.test_ws1_resolution_queue" name="test_resolve_queue_is_sorted_by_overdue_days" time="0.004" /><testcase classname="src.tests.test_ws1_resolution_queue" name="test_real_registry_deterministic_rules_do_not_read_no_examples" time="0.036" /><testcase classname="src.tests.test_ws2_benchmark" name="test_benchmark_roundtrip_null_honesty" time="0.006" /><testcase classname="src.tests.test_ws2_benchmark" name="test_ml_ref_lookahead_blocked" time="0.019" /><testcase classname="src.tests.test_ws2_benchmark" name="test_resolve_writes_benchmark_scores" time="0.764" /><testcase classname="src.tests.test_ws2_benchmark" name="test_sync_e7_append_only" time="1.675" /><testcase classname="src.tests.test_ws3_bridge" name="test_bridge_spot_value" time="0.001" /><testcase classname="src.tests.test_ws3_bridge" name="test_bridge_already_touched_is_one" time="0.000" /><testcase classname="src.tests.test_ws3_bridge" name="test_bridge_monotonic_vs_raw" time="0.003" /><testcase classname="src.tests.test_ws3_bridge" name="test_gbm_daily_geq_weekly" time="0.019" /><testcase classname="src.tests.test_ws4_digest" name="test_evidence_attaches_digest_fulltext" time="0.000" /><testcase classname="src.tests.test_ws4_digest" name="test_digest_hash_recompute_matches" time="0.000" /><testcase classname="src.tests.test_ws5_atomicity" name="test_write_order_evidence_first" time="0.006" /><testcase classname="src.tests.test_ws5_atomicity" name="test_crash_leaves_orphan_evidence_only_and_e6" time="0.648" /><testcase classname="src.tests.test_ws6_divergence" name="test_divergence_requires_note_and_class" time="0.000" /><testcase classname="src.tests.test_ws6_divergence" name="test_divergence_with_justification_passes" time="0.000" /><testcase classname="src.tests.test_ws6_divergence" name="test_divergence_invalid_class_rejected" time="0.000" /><testcase classname="src.tests.test_ws6_divergence" name="test_below_threshold_no_requirement" time="0.000" /><testcase classname="src.tests.test_ws7_quality" name="test_classify_url_tiers" time="0.003" /><testcase classname="src.tests.test_ws7_quality" name="test_research_quality_ratio_and_dedup" time="0.000" /><testcase classname="src.tests.test_ws7_quality" name="test_refine_status_low_primary_only_from_ok" time="0.000" /><testcase classname="src.tests.test_ws7_quality" name="test_primary_view_unchanged_by_low_primary" time="0.023" /><testcase classname="src.tests.test_ws8_report" name="test_report_renders_all_ws8_sections" time="0.028" /><testcase classname="src.tests.test_ws8_report" name="test_murphy_identity" time="0.021" /><testcase classname="src.tests.test_ws8_report" name="test_sparse_sample_notice" time="0.027" /><testcase classname="src.tests.timeseries_v5.test_v4_baseline_audit" name="test_audit_json_writer_is_platform_independent_lf" time="0.004" /><testcase classname="src.tests.timeseries_v5.test_v4_baseline_audit" name="test_score_audit_rejects_duplicate_or_incomplete_origin_horizon_grid" time="0.001" /><testcase classname="src.tests.timeseries_v5.test_v4_baseline_audit" name="test_protected_manifest_is_deterministic_and_detects_mutation" time="0.009" /><testcase classname="src.tests.timeseries_v5.test_v4_baseline_audit" name="test_repository_v4_baseline_is_independently_reproduced_without_promotion" time="11.767" /><testcase classname="src.tests.timeseries_v5.test_v4_baseline_audit" name="test_v4_reproducer_does_not_reference_credentials_or_collection_clients" time="0.002" /></testsuite></testsuites>