<?xml version="1.0" encoding="utf-8"?><testsuites name="pytest tests"><testsuite name="pytest" errors="0" failures="0" skipped="0" tests="54" time="66.360" timestamp="2026-08-11T18:01:02.648534+09:00" hostname="BOOK-1JSJ1G73I3"><testcase classname="dualdb.tests.test_anchor_contract" name="test_overlay_and_model_anchor_are_separate_and_consumed" time="0.065" /><testcase classname="dualdb.tests.test_context_event_bridge" name="test_event_context_uses_only_nearby_past_events" time="0.032" /><testcase classname="dualdb.tests.test_dtw_daily" name="test_self_dtw_diagonal_zero" time="0.008" /><testcase classname="dualdb.tests.test_dtw_daily" name="test_open_end_prefix_recovery" time="0.015" /><testcase classname="dualdb.tests.test_dtw_daily" name="test_path_invariants_noisy_pair" time="0.023" /><testcase classname="dualdb.tests.test_dtw_daily" name="test_run_synthetic_phase_and_records" time="0.240" /><testcase classname="dualdb.tests.test_dtw_daily" name="test_run_insufficient_data_raises" time="0.045" /><testcase classname="dualdb.tests.test_dtw_daily" name="test_real_db_smoke" time="2.210" /><testcase classname="dualdb.tests.test_french" name="test_missing_sentinel_to_none" time="0.001" /><testcase classname="dualdb.tests.test_french" name="test_parse_monthly_five_factor" time="0.001" /><testcase classname="dualdb.tests.test_french" name="test_parse_monthly_momentum" time="0.001" /><testcase classname="dualdb.tests.test_french" name="test_factor_monthly_coverage" time="0.006" /><testcase classname="dualdb.tests.test_french" name="test_factor_sentinels" time="0.004" /><testcase classname="dualdb.tests.test_french" name="test_five_factor_covers_all_eras" time="0.001" /><testcase classname="dualdb.tests.test_knn_analog" name="test_greedy_min_gap" time="0.001" /><testcase classname="dualdb.tests.test_knn_analog" name="test_forward_returns_and_no_extrapolation" time="0.002" /><testcase classname="dualdb.tests.test_knn_analog" name="test_z_params_dotcom_only" time="3.564" /><testcase classname="dualdb.tests.test_knn_analog" name="test_run_shape_invariants_and_model_run" time="2.576" /><testcase classname="dualdb.tests.test_knn_analog" name="test_record_false_and_k_short_warning" time="3.823" /><testcase classname="dualdb.tests.test_knn_analog" name="test_render_md" time="4.659" /><testcase classname="dualdb.tests.test_knn_analog" name="test_real_db_smoke" time="29.358" /><testcase classname="dualdb.tests.test_lppl_walkforward" name="test_synthetic_tc_recovery" time="1.561" /><testcase classname="dualdb.tests.test_lppl_walkforward" name="test_fit_reproducible_and_bounded" time="2.340" /><testcase classname="dualdb.tests.test_lppl_walkforward" name="test_walkforward_shape_and_invariants" time="5.263" /><testcase classname="dualdb.tests.test_lppl_walkforward" name="test_walkforward_rejects_gapped_months" time="0.001" /><testcase classname="dualdb.tests.test_lppl_walkforward" name="test_run_end_to_end_temp_db" time="4.201" /><testcase classname="dualdb.tests.test_lppl_walkforward" name="test_real_db_walkforward_smoke" time="2.997" /><testcase classname="dualdb.tests.test_lppl_walkforward" name="test_real_db_ai_live_smoke" time="1.279" /><testcase classname="dualdb.tests.test_p2_gates" name="test_v41_pearson_reproduction" time="0.008" /><testcase classname="dualdb.tests.test_p2_gates" name="test_dotcom_corrections_7pm1" time="0.001" /><testcase classname="dualdb.tests.test_p2_gates" name="test_derived_invariants" time="0.170" /><testcase classname="dualdb.tests.test_p2_gates" name="test_ai_crisis_bottom_filled_from_data" time="0.001" /><testcase classname="dualdb.tests.test_p2_gates" name="test_alignment_long_format_multi_era" time="0.001" /><testcase classname="dualdb.tests.test_sentinels" name="test_price_sentinel[key0]" time="0.004" /><testcase classname="dualdb.tests.test_sentinels" name="test_price_sentinel[key1]" time="0.001" /><testcase classname="dualdb.tests.test_sentinels" name="test_price_sentinel[key2]" time="0.001" /><testcase classname="dualdb.tests.test_sentinels" name="test_price_sentinel[key3]" time="0.001" /><testcase classname="dualdb.tests.test_sentinels" name="test_price_sentinel[key4]" time="0.002" /><testcase classname="dualdb.tests.test_sentinels" name="test_price_sentinel[key5]" time="0.001" /><testcase classname="dualdb.tests.test_sentinels" name="test_price_sentinel[key6]" time="0.001" /><testcase classname="dualdb.tests.test_sentinels" name="test_price_sentinel[key7]" time="0.001" /><testcase classname="dualdb.tests.test_sentinels" name="test_vix_ltcm_fear" time="0.001" /><testcase classname="dualdb.tests.test_sentinels" name="test_ritter_1999_negative_eps" time="0.000" /><testcase classname="dualdb.tests.test_sentinels" name="test_ixic_coverage" time="0.025" /><testcase classname="dualdb.tests.test_sentinels" name="test_dual_source_cross_check" time="0.056" /><testcase classname="dualdb.tests.test_sentinels" name="test_seed_minimums" time="0.001" /><testcase classname="dualdb.tests.test_sentinels" name="test_dow1929_monthly_tier" time="0.075" /><testcase classname="dualdb.tests.test_sentinels" name="test_usrec_recession_series" time="0.008" /><testcase classname="dualdb.tests.test_sentinels" name="test_ixic_fred_promotion" time="0.002" /><testcase classname="dualdb.tests.test_sentinels" name="test_multi_era_derived_coverage" time="0.012" /><testcase classname="dualdb.tests.test_twins" name="test_add_months_edges" time="0.001" /><testcase classname="dualdb.tests.test_twins" name="test_synthetic_metrics_and_shape" time="0.123" /><testcase classname="dualdb.tests.test_twins" name="test_synthetic_model_run_and_render" time="0.118" /><testcase classname="dualdb.tests.test_twins" name="test_real_db_smoke" time="0.112" /></testsuite></testsuites>