<?xml version="1.0" encoding="utf-8"?><testsuites name="pytest tests"><testsuite name="pytest" errors="1" failures="0" skipped="0" tests="358" time="355.730" timestamp="2026-08-11T17:50:03.549797+09:00" hostname="BOOK-1JSJ1G73I3"><testcase classname="src.tests.test_ai_capital_cycle" name="test_d2_coverage_blocks_map_without_segment_disclosures" time="0.007" /><testcase classname="src.tests.test_ai_capital_cycle" name="test_regime_model_constants_are_preregistered" time="0.006" /><testcase classname="src.tests.test_ai_capital_cycle" name="test_coverage_gate_rejects_hidden_coordinates" time="0.002" /><testcase classname="src.tests.test_ai_capital_cycle" name="test_d1_excludes_facts_not_available_by_asof" time="0.001" /><testcase classname="src.tests.test_ai_capital_cycle" name="test_stale_tag_is_marked_and_excluded_from_collection_coverage" time="0.001" /><testcase classname="src.tests.test_ai_capital_cycle" name="test_company_tag_chain_uses_first_fresh_amzn_capex_tag" time="0.001" /><testcase classname="src.tests.test_ai_capital_cycle" name="test_missing_metric_states_distinguish_tag_mapping_from_nondisclosure" time="0.004" /><testcase classname="src.tests.test_ai_capital_cycle" name="test_recency_guard_boundary[399-collected]" time="0.008" /><testcase classname="src.tests.test_ai_capital_cycle" name="test_recency_guard_boundary[401-tag_stale]" time="0.002" /><testcase classname="src.tests.test_ai_capital_cycle" name="test_non_usd_companyfact_is_quarantined" time="0.003" /><testcase classname="src.tests.test_audit_fixes" name="test_band_reverse_engineering_recovers_hidden_prob" time="0.002" /><testcase classname="src.tests.test_audit_fixes" name="test_vintage_scan_flags_stale_manual_base_rates" time="0.156" /><testcase classname="src.tests.test_audit_fixes" name="test_rebuild_precheck_blocks_silent_rebaseline" time="8.635" /><testcase classname="src.tests.test_audit_fixes" name="test_hash_anchor_written" time="2.627" /><testcase classname="src.tests.test_audit_fixes" name="test_research_status_parsed_and_views_exist" time="1.972" /><testcase classname="src.tests.test_audit_fixes" name="test_primary_excludes_failed_and_override" time="2.969" /><testcase classname="src.tests.test_audit_fixes" name="test_override_e4_post_resolution_gaming_detected" time="3.363" /><testcase classname="src.tests.test_audit_fixes" name="test_override_e4_pre_resolution_ok" time="2.554" /><testcase classname="src.tests.test_audit_fixes" name="test_override_e5_tamper_detected" time="7.325" /><testcase classname="src.tests.test_audit_fixes" name="test_lppl_demotion_gate_embedded_in_renderer" time="0.012" /><testcase classname="src.tests.test_audit_fixes" name="test_shadow_extremize_display_only_math" time="0.002" /><testcase classname="src.tests.test_audit_fixes" name="test_krun_median_fixed_rule" time="0.002" /><testcase classname="src.tests.test_audit_fixes" name="test_domain_skill_dual_basis_view" time="1.963" /><testcase classname="src.tests.test_bitemporal_facts" name="test_asof_selects_the_revision_known_at_that_time" time="0.001" /><testcase classname="src.tests.test_bitemporal_facts" name="test_pre_release_value_is_unavailable_and_sentinel_fails" time="0.001" /><testcase classname="src.tests.test_bitemporal_facts" name="test_parquet_duckdb_store_matches_python_asof" time="4.292" /><testcase classname="src.tests.test_cross_asset" name="test_cross_asset_keeps_observed_history_and_btc_counterfactual_separate" time="1.215" /><testcase classname="src.tests.test_cross_asset" name="test_historical_counterfactual_never_starts_a_live_path_ledger" time="1.118" /><testcase classname="src.tests.test_cross_asset" name="test_committed_2026_07_31_original_archive_is_byte_immutable" time="0.007" /><testcase classname="src.tests.test_cross_asset" name="test_history_is_exactly_2001_03_to_2006_03_and_excludes_next_bar" time="1.161" /><testcase classname="src.tests.test_cross_asset" name="test_validator_rejects_period_label_mismatch" time="1.711" /><testcase classname="src.tests.test_cross_asset" name="test_btc_case_beta_rules_come_from_audited_center_and_bootstrap_bounds" time="2.202" /><testcase classname="src.tests.test_cross_asset" name="test_observed_assets_are_byte_equal_across_all_btc_cases" time="1.206" /><testcase classname="src.tests.test_cross_asset" name="test_btc_center_path_compounds_observed_nasdaq_monthly_log_returns" time="0.750" /><testcase classname="src.tests.test_cross_asset" name="test_five_year_paths_keep_observed_anchor_and_no_btc_history_claim" time="0.435" /><testcase classname="src.tests.test_cross_asset" name="test_horizon_upgrade_reuses_audited_v2_inputs_and_appends_revision" time="0.935" /><testcase classname="src.tests.test_cross_asset" name="test_realty_income_uses_observed_price_and_total_return_not_current_sensitivity" time="1.988" /><testcase classname="src.tests.test_cross_asset" name="test_counterfactual_does_not_consume_generic_future_macro_assumptions" time="2.205" /><testcase classname="src.tests.test_cross_asset" name="test_cross_asset_validator_rejects_path_length_drift" time="2.042" /><testcase classname="src.tests.test_cross_asset" name="test_same_asof_archive_is_noop_or_rejected_without_overwrite" time="10.705" /><testcase classname="src.tests.test_cross_asset" name="test_approved_correction_creates_revision_without_overwriting_original" time="3.727" /><testcase classname="src.tests.test_cross_asset" name="test_refresh_excludes_intraday_us_market_bar" time="5.533" /><testcase classname="src.tests.test_cross_asset" name="test_dotcom_peak_reference_returns_measured_drawdown" time="0.002" /><testcase classname="src.tests.test_cross_asset" name="test_content_addressed_receipt_keeps_first_capture_time" time="0.264" /><testcase classname="src.tests.test_dashboard" name="test_read_model_shape" time="7.861" /><testcase classname="src.tests.test_dashboard" name="test_forecast_body_dictionary_round_trip" time="0.049" /><testcase classname="src.tests.test_dashboard" name="test_template_self_contained" time="0.336" /><testcase classname="src.tests.test_dashboard" name="test_template_parts_bundle_and_budget" time="0.124" /><testcase classname="src.tests.test_dashboard" name="test_ui_contract" time="0.031" /><testcase classname="src.tests.test_dashboard" name="test_u1a_four_section_information_architecture_contract" time="0.120" /><testcase classname="src.tests.test_dashboard" name="test_u1a_route_and_home_render_evidence" time="0.025" /><testcase classname="src.tests.test_dashboard" name="test_u1b_future_overlay_unique_questions_and_compare_contract" time="0.020" /><testcase classname="src.tests.test_dashboard" name="test_u1b_browser_regression_evidence" time="0.015" /><testcase classname="src.tests.test_dashboard" name="test_u1c_split_surfaces_event_summary_and_glossary_contract" time="0.033" /><testcase classname="src.tests.test_dashboard" name="test_workspace_utility_contract" time="0.148" /><testcase classname="src.tests.test_dashboard" name="test_forecast_lookup_ui_contract" time="0.117" /><testcase classname="src.tests.test_dashboard" name="test_future_default_is_champion_and_v5_2_requires_explicit_research_route" time="0.033" /><testcase classname="src.tests.test_dashboard" name="test_v5_2_future_view_uses_one_log_scale_and_restores_research_panels" time="0.040" /><testcase classname="src.tests.test_dashboard" name="test_v53_honesty_surfaces_survive_without_deletion" time="5.336" /><testcase classname="src.tests.test_dashboard" name="test_v53_legacy_hash_redirect_matrix_is_complete" time="0.005" /><testcase classname="src.tests.test_dashboard" name="test_u1d_mobile_layout_contract" time="0.028" /><testcase classname="src.tests.test_dashboard" name="test_u1d_mobile_layout_regression_evidence" time="0.016" /><testcase classname="src.tests.test_dashboard" name="test_u1c_browser_regression_evidence" time="0.022" /><testcase classname="src.tests.test_dashboard" name="test_data_growth_explainer_is_plain_language_and_live" time="0.042" /><testcase classname="src.tests.test_dashboard" name="test_liquidity_return_legends_use_separate_lanes" time="0.008" /><testcase classname="src.tests.test_dashboard" name="test_decision_journal_share_and_contrast_contract" time="0.074" /><testcase classname="src.tests.test_dashboard" name="test_round2_cross_asset_explanations_and_method_event_contract" time="0.010" /><testcase classname="src.tests.test_dashboard" name="test_future_chart_restores_innovation_reference_and_cross_asset_five_year_view" time="0.098" /><testcase classname="src.tests.test_dashboard" name="test_structural_calibration_selection_invariance_is_visible" time="0.044" /><testcase classname="src.tests.test_dashboard" name="test_render_embed_vs_fetch" time="6.900" /><testcase classname="src.tests.test_dashboard" name="test_repository_snapshot_stays_within_dashboard_budget" time="13.453" /><testcase classname="src.tests.test_dashboard" name="test_server_is_read_only" time="0.101" /><testcase classname="src.tests.test_dashboard" name="test_write_dashboard" time="8.401" /><testcase classname="src.tests.test_dashboard" name="test_write_pages" time="6.056" /><testcase classname="src.tests.test_dashboard" name="test_presentation_copy_normalization_preserves_source_and_nested_shape" time="0.001" /><testcase classname="src.tests.test_dashboard" name="test_o_entry_cohort_ui_is_evidence_only" time="0.010" /><testcase classname="src.tests.test_dashboard_js_geometry" name="test_cross_asset_endpoint_labels_keep_minimum_gap" time="1.409" /><testcase classname="src.tests.test_dashboard_js_geometry" name="test_flow_reference_and_scenario_labels_avoid_right_edge_collisions" time="0.983" /><testcase classname="src.tests.test_dashboard_js_geometry" name="test_flow_calendar_uses_readable_text_labels_and_groups_dense_earnings" time="0.648" /><testcase classname="src.tests.test_dashboard_js_geometry" name="test_flow_horizon_and_sparse_axis_geometry" time="2.663" /><testcase classname="src.tests.test_dashboard_js_geometry" name="test_flow_keeps_center_path_separate_from_continuous_correction_sample" time="0.875" /><testcase classname="src.tests.test_dashboard_js_geometry" name="test_rebased_flow_uses_same_horizon_law_and_shortens_remaining_range" time="0.983" /><testcase classname="src.tests.test_digest" name="test_digest_injects_context_raw_material" time="3.598" /><testcase classname="src.tests.test_digest" name="test_digest_context_phase2_signals" time="4.747" /><testcase classname="src.tests.test_digest" name="test_digest_context_only_without_ml" time="3.002" /><testcase classname="src.tests.test_digest" name="test_digest_stale_context_not_injected" time="2.111" /><testcase classname="src.tests.test_digest" name="test_digest_contains_bands_not_mapped_probs" time="3.647" /><testcase classname="src.tests.test_digest" name="test_digest_stale_returns_none" time="6.731" /><testcase classname="src.tests.test_digest" name="test_digest_absent_history_returns_none" time="0.200" /><testcase classname="src.tests.test_digest" name="test_digest_max_chars_cut" time="3.691" /><testcase classname="src.tests.test_digest" name="test_prompt_unchanged_without_aux" time="0.002" /><testcase classname="src.tests.test_divergence_due" name="test_divergence_boundary_15pp" time="0.569" /><testcase classname="src.tests.test_divergence_due" name="test_divergence_low_confidence_excluded" time="0.099" /><testcase classname="src.tests.test_divergence_due" name="test_divergence_absent_inputs_no_regression" time="0.021" /><testcase classname="src.tests.test_divergence_due" name="test_divergence_missing_ref_or_prob" time="0.042" /><testcase classname="src.tests.test_ensemble" name="test_combine_median_is_elementwise_median" time="0.002" /><testcase classname="src.tests.test_ensemble" name="test_combine_median_preserves_quantile_monotonicity" time="0.001" /><testcase classname="src.tests.test_ensemble" name="test_combine_median_single_and_empty" time="0.001" /><testcase classname="src.tests.test_ensemble" name="test_disagreement_boundaries" time="0.001" /><testcase classname="src.tests.test_ensemble" name="test_align_covariates_tail_alignment" time="0.001" /><testcase classname="src.tests.test_era_analog" name="test_era_analog_is_log_normalized_and_reference_only" time="0.001" /><testcase classname="src.tests.test_era_analog" name="test_era_analog_empty_state_does_not_invent_curves" time="0.000" /><testcase classname="src.tests.test_era_analog" name="test_small_knn_forward_is_case_list_only_with_run_asof" time="0.001" /><testcase classname="src.tests.test_evaluation" name="test_reference_scores_and_intervals" time="0.011" /><testcase classname="src.tests.test_evaluation" name="test_walk_forward_purge_prevents_overlap" time="0.001" /><testcase classname="src.tests.test_evaluation" name="test_six_baselines_are_deterministic" time="0.006" /><testcase classname="src.tests.test_event_calendar" name="test_calendar_contract_and_twelve_month_events_are_registered" time="0.018" /><testcase classname="src.tests.test_event_calendar" name="test_calendar_correction_is_an_appended_superseding_row" time="0.139" /><testcase classname="src.tests.test_forecast_lookup" name="test_weekend_maps_to_previous_trading_day_without_interpolation" time="0.523" /><testcase classname="src.tests.test_forecast_lookup" name="test_lookup_rejects_out_of_range_and_before_asof" time="0.849" /><testcase classname="src.tests.test_forecast_lookup" name="test_quick_dates_are_deterministic_calendar_dates" time="0.974" /><testcase classname="src.tests.test_forecast_lookup" name="test_rule_parser_supports_registered_korean_and_short_forms" time="2.947" /><testcase classname="src.tests.test_forecast_lookup" name="test_rule_parser_rejects_unregistered_language" time="0.935" /><testcase classname="src.tests.test_forecast_lookup" name="test_lookup_helper_has_no_storage_or_network_dependency" time="0.002" /><testcase classname="src.tests.test_integrity_context" name="test_fingerprint_is_deterministic_and_tracks_truth_only" time="0.057" /><testcase classname="src.tests.test_integrity_context" name="test_fingerprint_normalizes_text_truth_but_preserves_immutable_bytes" time="0.183" /><testcase classname="src.tests.test_inventory" name="test_inventory_is_generated_and_detects_source_drift" time="3.041" /><testcase classname="src.tests.test_inventory" name="test_license_manifest_keeps_review_required_sources_restricted" time="0.066" /><testcase classname="src.tests.test_investing_refresh_workflow" name="test_investing_refresh_scopes_secret_and_caps_paid_work" time="0.026" /><testcase classname="src.tests.test_investing_refresh_workflow" name="test_scenario_and_full_refresh_share_writer_lock" time="0.020" /><testcase classname="src.tests.test_investing_refresh_workflow" name="test_bot_data_commits_trigger_pages_and_verification" time="0.032" /><testcase classname="src.tests.test_l0_acceptance_gates" name="test_l0_sec_snapshot_regression_constants" time="0.042" /><testcase classname="src.tests.test_l0_acceptance_gates" name="test_l0_market_constants_remain_in_immutable_archive_after_new_comparison" time="0.013" /><testcase classname="src.tests.test_l0_batch1" name="test_ci_contains_point_including_boundaries[60-40-75]" time="0.009" /><testcase classname="src.tests.test_l0_batch1" name="test_ci_contains_point_including_boundaries[40-40-75]" time="0.001" /><testcase classname="src.tests.test_l0_batch1" name="test_ci_contains_point_including_boundaries[75-40-75]" time="0.001" /><testcase classname="src.tests.test_l0_batch1" name="test_ci_rejects_non_containment_order_and_range[payload0]" time="0.023" /><testcase classname="src.tests.test_l0_batch1" name="test_ci_rejects_non_containment_order_and_range[payload1]" time="0.001" /><testcase classname="src.tests.test_l0_batch1" name="test_ci_rejects_non_containment_order_and_range[payload2]" time="0.001" /><testcase classname="src.tests.test_l0_batch1" name="test_ci_rejects_non_containment_order_and_range[payload3]" time="0.004" /><testcase classname="src.tests.test_l0_batch1" name="test_ci_rejects_non_containment_order_and_range[payload4]" time="0.004" /><testcase classname="src.tests.test_l0_batch1" name="test_ci_rejects_non_containment_order_and_range[payload5]" time="0.002" /><testcase classname="src.tests.test_l0_batch1" name="test_frontmatter_validator_rejects_ci_that_excludes_point" time="0.001" /><testcase classname="src.tests.test_l0_batch1" name="test_forecast_arithmetic_exact_match" time="0.013" /><testcase classname="src.tests.test_l0_batch1" name="test_forecast_arithmetic_mixed_positive_and_negative_adjustments" time="0.006" /><testcase classname="src.tests.test_l0_batch1" name="test_forecast_arithmetic_rejects_mismatch_and_sign_error" time="0.004" /><testcase classname="src.tests.test_l0_batch1" name="test_forecast_arithmetic_rounding_tolerance_boundary" time="0.020" /><testcase classname="src.tests.test_l0_batch1" name="test_forecast_arithmetic_rejects_missing_and_duplicate_adjustments" time="0.002" /><testcase classname="src.tests.test_l0_batch1" name="test_historical_ledger_read_is_backward_compatible_and_non_mutating" time="0.038" /><testcase classname="src.tests.test_ledger_audit" name="test_audit_baselines_then_detects_immutable_change" time="0.178" /><testcase classname="src.tests.test_ledger_audit" name="test_frozen_append_ledger_is_not_marked_stale" time="0.078" /><testcase classname="src.tests.test_ledger_audit" name="test_registered_empty_writer_can_report_accumulating_zero_rows" time="0.073" /><testcase classname="src.tests.test_ledger_audit" name="test_dualdb_model_run_weekly_cadence_detects_stalled_sqlite" time="0.154" /><testcase classname="src.tests.test_ledger_audit" name="test_research_pack_normalizes_probability_and_provenance" time="0.765" /><testcase classname="src.tests.test_ledger_audit" name="test_research_pack_preserves_pending_probability_unit" time="0.105" /><testcase classname="src.tests.test_lite_tier" name="test_tier_parsing_lenient" time="0.016" /><testcase classname="src.tests.test_lite_tier" name="test_get_profile_words_substitution" time="0.001" /><testcase classname="src.tests.test_lite_tier" name="test_run_research_lite_wiring" time="0.028" /><testcase classname="src.tests.test_lite_tier" name="test_pipeline_tier_recorded_and_parsed" time="0.029" /><testcase classname="src.tests.test_lite_tier" name="test_retro_excluded_from_sync" time="4.635" /><testcase classname="src.tests.test_llm_provider" name="test_anthropic_adapter_preserves_existing_research_call" time="0.001" /><testcase classname="src.tests.test_llm_provider" name="test_provider_identity_is_registry_ready" time="0.002" /><testcase classname="src.tests.test_llm_provider" name="test_openai_adapter_accepts_explicit_tier_and_rejects_family_alias" time="0.001" /><testcase classname="src.tests.test_llm_provider" name="test_openai_responses_research_uses_web_search" time="0.001" /><testcase classname="src.tests.test_llm_provider" name="test_openai_tier_pricing_does_not_fall_back_to_sol" time="0.001" /><testcase classname="src.tests.test_llm_provider" name="test_openai_reasoning_enforces_common_output_contract" time="0.018" /><testcase classname="src.tests.test_llm_provider" name="test_openai_reasoning_rejects_probability_outside_1_to_99" time="0.043" /><testcase classname="src.tests.test_logical_constraints" name="test_constraints_warn_without_modifying_probabilities" time="0.001" /><testcase classname="src.tests.test_logical_constraints" name="test_mixed_probability_spaces_are_not_combined" time="0.001" /><testcase classname="src.tests.test_market_bl" name="test_prob_above_matches_analytic" time="0.001" /><testcase classname="src.tests.test_market_bl" name="test_prob_monotone_decreasing_in_strike" time="0.001" /><testcase classname="src.tests.test_market_bl" name="test_smile_interpolation" time="0.000" /><testcase classname="src.tests.test_market_bl" name="test_sparse_or_missing_data_returns_none" time="0.000" /><testcase classname="src.tests.test_market_bl" name="test_nearest_expiry" time="0.001" /><testcase classname="src.tests.test_market_bl" name="test_proxy_strike_ratio" time="0.001" /><testcase classname="src.tests.test_market_extensions" name="test_tracker_is_count_only_and_marks_unverified_sources_unavailable" time="0.026" /><testcase classname="src.tests.test_market_extensions" name="test_nominal_rate_signal_can_select_rates_stay_high" time="0.007" /><testcase classname="src.tests.test_market_extensions" name="test_liquidity_lead_lag_respects_156_week_gate" time="0.009" /><testcase classname="src.tests.test_market_extensions" name="test_liquidity_zone_uses_preregistered_shared_thresholds" time="0.002" /><testcase classname="src.tests.test_market_extensions" name="test_tracker_budget_is_enforced" time="0.008" /><testcase classname="src.tests.test_market_extensions" name="test_archive_retry_ignores_transport_metadata_but_not_metric_revision" time="0.073" /><testcase classname="src.tests.test_market_extensions" name="test_tracker_revision_uses_approved_correction_and_is_idempotent" time="0.031" /><testcase classname="src.tests.test_market_session" name="test_intraday_cutoff_excludes_current_us_session" time="0.001" /><testcase classname="src.tests.test_market_session" name="test_post_close_cutoff_allows_current_us_session" time="0.001" /><testcase classname="src.tests.test_market_session" name="test_historical_explicit_asof_is_unchanged" time="0.001" /><testcase classname="src.tests.test_mc_barrier" name="test_barrier_vs_reflection_principle" time="0.276" /><testcase classname="src.tests.test_mc_barrier" name="test_touch_geq_terminal_invariant" time="0.011" /><testcase classname="src.tests.test_mc_barrier" name="test_step_range_partial_window" time="0.004" /><testcase classname="src.tests.test_mc_barrier" name="test_seed_reproducibility" time="0.001" /><testcase classname="src.tests.test_mc_barrier" name="test_window_steps" time="0.001" /><testcase classname="src.tests.test_ml" name="test_prob_above_interpolation" time="0.001" /><testcase classname="src.tests.test_ml" name="test_terminal_pct" time="0.001" /><testcase classname="src.tests.test_ml" name="test_feed_sentiment_dataclass_defaults" time="0.002" /><testcase classname="src.tests.test_ml" name="test_ml_gate_docstring_present" time="0.003" /><testcase classname="src.tests.test_ml_history" name="test_jsonl_append_and_iter" time="0.022" /><testcase classname="src.tests.test_ml_history" name="test_sync_idempotent_and_rebuild" time="5.760" /><testcase classname="src.tests.test_ml_history" name="test_append_after_sync_reingests" time="4.777" /><testcase classname="src.tests.test_ml_history" name="test_latest_ml_refs_freshness_and_confidence" time="9.261" /><testcase classname="src.tests.test_ml_history" name="test_sentiment_delta" time="4.476" /><testcase classname="src.tests.test_ml_history" name="test_question_maps_registry_alignment" time="0.628" /><testcase classname="src.tests.test_model_registry" name="test_defaults_include_champion_and_non_promoted_shadows" time="3.376" /><testcase classname="src.tests.test_model_registry" name="test_shadow_cannot_promote_without_approval_and_gate" time="2.360" /><testcase classname="src.tests.test_model_registry" name="test_configured_openai_official_is_registered" time="2.230" /><testcase classname="src.tests.test_o_entry_cohort" name="test_o_entry_cohort_pit_uses_next_month_fill_and_realized_dividends_only" time="0.004" /><testcase classname="src.tests.test_o_entry_cohort" name="test_o_entry_cohort_statistics_recalculate_from_fixed_fixture" time="0.001" /><testcase classname="src.tests.test_o_entry_cohort" name="test_cohort_semantics_ignore_transport_receipt_churn_only" time="0.001" /><testcase classname="src.tests.test_o_entry_cohort" name="test_o_entry_cohort_rejects_same_month_or_entry_state_output" time="0.001" /><testcase classname="src.tests.test_o_entry_cohort" name="test_repository_cohort_has_full_dotcom_and_oos_evidence" time="0.240" /><testcase classname="src.tests.test_official_sources" name="test_alfred_request_carries_realtime_bounds" time="0.001" /><testcase classname="src.tests.test_official_sources" name="test_alfred_normalization_preserves_vintage_interval" time="0.001" /><testcase classname="src.tests.test_official_sources" name="test_sec_user_agent_identity_is_mandatory" time="0.001" /><testcase classname="src.tests.test_probability_contract" name="test_explicit_units_normalize_without_heuristics" time="0.001" /><testcase classname="src.tests.test_probability_contract" name="test_invalid_fraction_is_rejected_instead_of_guessed" time="0.001" /><testcase classname="src.tests.test_probability_contract" name="test_record_preserves_semantics_and_conversion_receipt" time="0.001" /><testcase classname="src.tests.test_provider_governance" name="test_established_anthropic_provider_needs_no_new_approval" time="0.005" /><testcase classname="src.tests.test_provider_governance" name="test_openai_official_switch_is_blocked_without_exact_approval" time="0.025" /><testcase classname="src.tests.test_provider_governance" name="test_openai_official_switch_requires_matching_snapshot_and_reviewer" time="0.067" /><testcase classname="src.tests.test_provider_governance" name="test_cost_log_keeps_provider_identity_separate" time="0.168" /><testcase classname="src.tests.test_provider_governance" name="test_cost_log_survives_a_fresh_sqlite_index" time="0.198" /><testcase classname="src.tests.test_provider_governance" name="test_failed_pipeline_usage_is_persisted_before_reraising" time="0.085" /><testcase classname="src.tests.test_provider_shadow" name="test_shadow_is_separate_and_append_only" time="0.017" /><testcase classname="src.tests.test_quant" name="test_normalize_and_offset" time="0.001" /><testcase classname="src.tests.test_quant" name="test_max_drawdown_known" time="0.003" /><testcase classname="src.tests.test_quant" name="test_hurst_random_walk_near_half" time="0.022" /><testcase classname="src.tests.test_quant" name="test_hurst_persistent_higher" time="0.040" /><testcase classname="src.tests.test_quant" name="test_power_law_recovers_exact_beta" time="0.006" /><testcase classname="src.tests.test_quant" name="test_dtw_identity_zero" time="0.024" /><testcase classname="src.tests.test_quant" name="test_best_shift_detects_lead" time="0.006" /><testcase classname="src.tests.test_quant" name="test_gbm_reproducible_and_sane" time="0.009" /><testcase classname="src.tests.test_quant" name="test_lppl_recovers_synthetic_tc" time="6.254" /><testcase classname="src.tests.test_quant" name="test_midterm_stats_synthetic" time="0.006" /><testcase classname="src.tests.test_quant_feed" name="test_yahoo_empty_adjusted_array_falls_back_to_close" time="0.002" /><testcase classname="src.tests.test_quant_feed" name="test_yahoo_nonpositive_close_is_dropped_and_counted" time="0.004" /><testcase classname="src.tests.test_quant_feed" name="test_yahoo_length_mismatch_raises_instead_of_zip_truncation" time="0.003" /><testcase classname="src.tests.test_quant_feed" name="test_get_rejects_zero_retry_configuration" time="0.003" /><testcase classname="src.tests.test_quant_feed" name="test_yahoo_dividends_filters_invalid_events" time="0.005" /><testcase classname="src.tests.test_quant_feed" name="test_curl_fallback_preserves_source_response" time="0.001" /><testcase classname="src.tests.test_quant_feed" name="test_curl_fallback_uses_public_dns_for_same_https_url" time="0.007" /><testcase classname="src.tests.test_quant_integrity_v2" name="test_repeated_fomc_rounds_form_one_unique_event" time="1.354" /><testcase classname="src.tests.test_quant_integrity_v2" name="test_invalid_benchmark_probability_is_excluded_not_silently_scaled" time="0.210" /><testcase classname="src.tests.test_quant_integrity_v2" name="test_strict_sync_rolls_back_on_forecast_tamper" time="8.488" /><testcase classname="src.tests.test_read_model_contract" name="test_read_model_contract_rejects_removed_legacy_key" time="0.001" /><testcase classname="src.tests.test_read_model_contract" name="test_read_model_contract_rejects_probability_space_drift" time="0.003" /><testcase classname="src.tests.test_read_model_contract" name="test_json_schema_lists_all_additive_and_legacy_keys" time="0.001" /><testcase classname="src.tests.test_read_model_contract" name="test_read_model_contract_rejects_cross_asset_semantic_drift" time="0.001" /><testcase classname="src.tests.test_read_model_contract" name="test_read_model_contract_rejects_new_reference_space_drift" time="0.001" /><testcase classname="src.tests.test_realty_income" name="test_hy_event_history_merges_pinned_legacy_capture" time="0.002" /><testcase classname="src.tests.test_realty_income" name="test_macro_contract_rejects_missing_key_month" time="0.377" /><testcase classname="src.tests.test_realty_income" name="test_significance_gate_zeros_crossing_or_short_beta" time="0.001" /><testcase classname="src.tests.test_realty_income" name="test_significance_gate_requires_two_consecutive_sample_failures" time="0.002" /><testcase classname="src.tests.test_realty_income" name="test_hysteresis_does_not_delay_ci_failure" time="0.060" /><testcase classname="src.tests.test_realty_income" name="test_dividend_csv_is_append_only_and_detects_revision" time="0.017" /><testcase classname="src.tests.test_realty_income" name="test_dividend_monitor_marks_maintenance_without_probability" time="0.005" /><testcase classname="src.tests.test_realty_income" name="test_official_dividend_crosscheck_confirms_direction_not_exact_basis" time="0.116" /><testcase classname="src.tests.test_realty_income" name="test_event_registry_is_fixed_to_six_preregistered_events" time="0.058" /><testcase classname="src.tests.test_scenario" name="test_build_scenario_is_deterministic_and_partitioned" time="1.314" /><testcase classname="src.tests.test_scenario" name="test_schema2_archive_remains_valid_after_structural_upgrade" time="0.805" /><testcase classname="src.tests.test_scenario" name="test_structural_v3_revision_preserves_distribution_weights_and_endpoints" time="0.042" /><testcase classname="src.tests.test_scenario" name="test_public_snapshot_reproduces_partition_and_all_quantile_cells" time="4.947" /><testcase classname="src.tests.test_scenario" name="test_band_calibration_is_append_only_and_duplicate_safe" time="1.217" /><testcase classname="src.tests.test_scenario" name="test_horizon_coverage_hides_rates_until_sixty_observations" time="0.099" /><testcase classname="src.tests.test_scenario" name="test_nyse_calendar_skips_weekends_and_registered_holidays" time="0.009" /><testcase classname="src.tests.test_scenario" name="test_validate_rejects_probability_or_length_drift" time="4.247" /><testcase classname="src.tests.test_scenario" name="test_path_realism_recomputes_drawdowns_and_samples_deterministically" time="0.008" /><testcase classname="src.tests.test_scenario" name="test_load_latest_uses_valid_file_and_fails_safe" time="0.768" /><testcase classname="src.tests.test_scenario" name="test_load_latest_recovers_newest_valid_archive" time="0.834" /><testcase classname="src.tests.test_scenario" name="test_history_is_compact_sorted_capped_and_skips_corruption" time="0.885" /><testcase classname="src.tests.test_scenario" name="test_history_limit_zero_returns_empty" time="0.634" /><testcase classname="src.tests.test_scenario" name="test_refresh_skips_same_completed_market_day" time="9.704" /><testcase classname="src.tests.test_scenario" name="test_refresh_never_regresses_when_feed_temporarily_lags" time="8.700" /><testcase classname="src.tests.test_scenario" name="test_same_asof_archive_is_immutable_without_approved_revision" time="0.642" /><testcase classname="src.tests.test_scenario_v4_shadow" name="test_v4_shadow_uses_actual_member_paths_and_blocks_promotion" time="0.040" /><testcase classname="src.tests.test_scenario_v4_shadow" name="test_v4_shadow_rejects_forbidden_guardrail_drift" time="0.013" /><testcase classname="src.tests.test_scenario_v5" name="test_delivery_package_uses_central_review_tree" time="0.003" /><testcase classname="src.tests.test_scenario_v5" name="test_candidate_contract_and_source_snapshot_hash" time="0.083" /><testcase classname="src.tests.test_scenario_v5" name="test_identity_is_honest_legacy_prior_not_rcfhs" time="0.009" /><testcase classname="src.tests.test_scenario_v5" name="test_prior_reproduces_snapshot_partition_exactly" time="1.783" /><testcase classname="src.tests.test_scenario_v5" name="test_evidence_is_point_in_time_and_probability_units_are_explicit" time="0.010" /><testcase classname="src.tests.test_scenario_v5" name="test_only_registered_physical_views_are_numerical" time="0.012" /><testcase classname="src.tests.test_scenario_v5" name="test_entropy_pooling_fit_and_concentration_gates" time="0.032" /><testcase classname="src.tests.test_scenario_v5" name="test_scenario_partition_and_conditional_bands" time="0.086" /><testcase classname="src.tests.test_scenario_v5" name="test_representatives_are_actual_distinct_members" time="1.355" /><testcase classname="src.tests.test_scenario_v5" name="test_same_shape_gate_passes_with_non_degenerate_paths" time="0.016" /><testcase classname="src.tests.test_scenario_v5" name="test_unmapped_event_impacts_are_exactly_zero" time="0.062" /><testcase classname="src.tests.test_scenario_v5" name="test_dashboard_keeps_v5_as_non_default_research_support" time="0.007" /><testcase classname="src.tests.test_scenario_v5_1" name="test_v5_1_candidate_is_strict_and_source_exact" time="2.061" /><testcase classname="src.tests.test_scenario_v5_1" name="test_no_hardcoded_aug4_horizon_and_started_window_is_blocked" time="0.346" /><testcase classname="src.tests.test_scenario_v5_1" name="test_started_unconditional_and_unvalidated_survival_views_fail" time="0.526" /><testcase classname="src.tests.test_scenario_v5_1" name="test_endogenous_ancestor_views_are_reference_only_and_fail_if_used" time="0.041" /><testcase classname="src.tests.test_scenario_v5_1" name="test_dependency_dedup_and_cluster_cap_are_solver_inputs" time="0.001" /><testcase classname="src.tests.test_scenario_v5_1" name="test_strict_validator_numeric_date_quantile_length_and_member_mutations" time="2.224" /><testcase classname="src.tests.test_scenario_v5_1" name="test_ess_visibility_probability_space_and_source_hash_mutations" time="3.706" /><testcase classname="src.tests.test_scenario_v5_1" name="test_future_and_naive_available_at_fail" time="0.183" /><testcase classname="src.tests.test_scenario_v5_1" name="test_runtime_loader_current_and_stale_states" time="4.627" /><testcase classname="src.tests.test_scenario_v5_1" name="test_correction_timing_is_distribution_not_exact_date" time="0.018" /><testcase classname="src.tests.test_scenario_v5_1" name="test_october_2_is_sampling_coordinate_not_baseline_exact_trough" time="0.014" /><testcase classname="src.tests.test_scenario_v5_1" name="test_p50_primary_member_secondary_and_2027_common_continuation" time="0.032" /><testcase classname="src.tests.test_scenario_v5_1" name="test_approved_report_contract_rejects_llm_only_or_incomplete_rows" time="0.002" /><testcase classname="src.tests.test_scenario_v5_1" name="test_model_content_hash_is_deterministic_and_receipt_is_separate" time="0.199" /><testcase classname="src.tests.test_scenario_v5_2" name="test_review_package_uses_central_review_tree" time="0.002" /><testcase classname="src.tests.test_scenario_v5_2" name="test_candidate_passes_strict_validation_and_sources" time="0.845" /><testcase classname="src.tests.test_scenario_v5_2" name="test_july_jobs_actual_was_not_available_to_v5_1" time="0.343" /><testcase classname="src.tests.test_scenario_v5_2" name="test_bls_actual_revision_and_participation_contract" time="0.277" /><testcase classname="src.tests.test_scenario_v5_2" name="test_full_fed_target_range_distributions_and_pre_post_moves" time="0.648" /><testcase classname="src.tests.test_scenario_v5_2" name="test_growth_risk_policy_relief_and_attribution_are_separate" time="0.024" /><testcase classname="src.tests.test_scenario_v5_2" name="test_event_day_return_is_anchor_only_and_zero_future_jump" time="0.017" /><testcase classname="src.tests.test_scenario_v5_2" name="test_forecast_anchor_tracks_latest_completed_official_snapshot" time="0.023" /><testcase classname="src.tests.test_scenario_v5_2" name="test_valuation_is_fail_closed_without_vintage_complete_cross_era_history" time="0.030" /><testcase classname="src.tests.test_scenario_v5_2" name="test_four_ablations_have_quantitative_and_concentrated_results" time="0.015" /><testcase classname="src.tests.test_scenario_v5_2" name="test_dotcom_weight_is_strongest_in_s1_without_cherry_picking" time="0.025" /><testcase classname="src.tests.test_scenario_v5_2" name="test_three_scenarios_use_distinct_frozen_database_clusters" time="0.070" /><testcase classname="src.tests.test_scenario_v5_2" name="test_dotcom_strength_sensitivity_is_monotonic_and_concentrated" time="0.043" /><testcase classname="src.tests.test_scenario_v5_2" name="test_abc_weight_spaces_and_generator_block_provenance_are_separate" time="0.033" /><testcase classname="src.tests.test_scenario_v5_2" name="test_report_only_distinctness_is_measured_without_path_mutation" time="0.023" /><testcase classname="src.tests.test_scenario_v5_2" name="test_structural_event_adapter_changes_episode_and_duration_selection" time="0.057" /><testcase classname="src.tests.test_scenario_v5_2" name="test_structural_event_ablation_changes_all_three_path_databases" time="0.117" /><testcase classname="src.tests.test_scenario_v5_2" name="test_s2_is_not_an_arithmetic_mean_and_short_horizon_is_visibly_distinct" time="0.102" /><testcase classname="src.tests.test_scenario_v5_2" name="test_generator_dependency_cap_blocks_above_060_outside_shadow" time="2.847" /><testcase classname="src.tests.test_scenario_v5_2" name="test_event_learning_is_append_only_pit_safe_and_revision_aware" time="0.048" /><testcase classname="src.tests.test_scenario_v5_2" name="test_event_learning_rejects_future_vintage_and_bad_correction" time="0.050" /><testcase classname="src.tests.test_scenario_v5_2" name="test_distribution_spaces_stay_separate_while_research_ui_is_shared_scale" time="0.603" /><testcase classname="src.tests.test_scenario_v5_2" name="test_p50_has_no_fake_wiggle_and_bundle_is_actual_members" time="0.016" /><testcase classname="src.tests.test_scenario_v5_2" name="test_october_2_is_not_an_exact_date_forecast" time="0.028" /><testcase classname="src.tests.test_scenario_v5_2" name="test_dependency_cap_circularity_and_2027_distinctness_gates" time="0.022" /><testcase classname="src.tests.test_scenario_v5_2" name="test_pre_post_comparison_includes_paths_probabilities_and_timing" time="0.027" /><testcase classname="src.tests.test_scenario_v5_2" name="test_seed_path_count_and_independent_phase_sampling_primitives" time="10.063" /><testcase classname="src.tests.test_scenario_v5_2" name="test_dashboard_projection_fresh_and_stale_fallback" time="0.671" /><testcase classname="src.tests.test_scenario_v5_2" name="test_repository_dashboard_routes_v5_2_with_correct_semantics" time="0.013" /><testcase classname="src.tests.test_scenario_v5_2" name="test_every_protected_data_refresh_rebuilds_and_replay_verifies_v5_2" time="0.014" /><testcase classname="src.tests.test_scenario_v5_2" name="test_v52_method_changes_are_append_only_and_disclose_the_default_decision" time="0.032" /><testcase classname="src.tests.test_scenario_v5_2" name="test_mutations_fail_probability_dates_circularity_and_distinctness" time="4.153" /><testcase classname="src.tests.test_scenario_v5_2" name="test_protected_snapshot_ledger_and_archive_hashes_are_unchanged" time="0.157" /><testcase classname="src.tests.test_scenario_v5_2" name="test_runtime_protected_gate_allows_append_but_rejects_mutation" time="0.002" /><testcase classname="src.tests.test_scenario_v5_2" name="test_candidate_runtime_gate_uses_append_only_manifest_and_consumed_hashes" time="0.642" /><testcase classname="src.tests.test_scenario_v5_2" name="test_protected_hashes_normalize_git_text_eol_but_keep_ledgers_byte_exact" time="0.179" /><testcase classname="src.tests.test_security_audit" name="test_secret_scan_detects_key_shape_without_exposing_value" time="0.048" /><testcase classname="src.tests.test_security_audit" name="test_secret_scan_ignores_environment_variable_names" time="0.024" /><testcase classname="src.tests.test_security_audit" name="test_secret_scan_does_not_match_sk_inside_public_url_slug" time="0.018" /><testcase classname="src.tests.test_segment_filing_inventory" name="test_segment_inventory_stops_at_four_by_twelve_accessions" time="0.003" /><testcase classname="src.tests.test_shadow_models" name="test_volatility_shadows_and_bootstrap_are_deterministic" time="0.411" /><testcase classname="src.tests.test_shadow_models" name="test_breeden_litzenberger_is_explicitly_risk_neutral" time="0.002" /><testcase classname="src.tests.test_source_monitoring" name="test_monitor_records_health_metadata_without_raw_values" time="0.061" /><testcase classname="src.tests.test_source_monitoring" name="test_monitor_counts_consecutive_days_and_is_same_day_idempotent" time="0.189" /><testcase classname="src.tests.test_source_monitoring" name="test_mutable_monitor_status_is_not_registered_as_immutable_archive" time="0.074" /><testcase classname="src.tests.test_sprint1" name="test_parse_forecast_lenient" time="0.264" /><testcase classname="src.tests.test_sprint1" name="test_evidence_files_excluded" time="0.422" /><testcase classname="src.tests.test_sprint1" name="test_stem_parse" time="0.003" /><testcase classname="src.tests.test_sprint1" name="test_write_exclusive_refuses_overwrite" time="0.170" /><testcase classname="src.tests.test_sprint1" name="test_next_round" time="0.106" /><testcase classname="src.tests.test_sprint1" name="test_validate_new_record" time="0.001" /><testcase classname="src.tests.test_sprint1" name="test_ingest_idempotent" time="4.185" /><testcase classname="src.tests.test_sprint1" name="test_drift_file_modified" time="6.174" /><testcase classname="src.tests.test_sprint1" name="test_drift_file_deleted" time="8.783" /><testcase classname="src.tests.test_sprint1" name="test_drift_ledger_shrunk" time="4.389" /><testcase classname="src.tests.test_sprint1" name="test_drift_resolution_changed_warns" time="2.885" /><testcase classname="src.tests.test_sprint1" name="test_due_matrix" time="1.613" /><testcase classname="src.tests.test_sprint1" name="test_due_self_heals_after_gap" time="2.045" /><testcase classname="src.tests.test_sprint1" name="test_segment_activation" time="0.001" /><testcase classname="src.tests.test_sprint1" name="test_propose_schedule[\uc8fc 1\ud68c-expected0]" time="0.002" /><testcase classname="src.tests.test_sprint1" name="test_propose_schedule[\uc8fc 1\ud68c + \ub274\uc2a4 \ud2b8\ub9ac\uac70-expected1]" time="0.002" /><testcase classname="src.tests.test_sprint1" name="test_propose_schedule[D-30\ubd80\ud130 \uc8fc 2\ud68c-expected2]" time="0.001" /><testcase classname="src.tests.test_sprint1" name="test_propose_schedule[\uc8fc 1\ud68c, D-14\ubd80\ud130 \uc77c 1\ud68c-expected3]" time="0.001" /><testcase classname="src.tests.test_sprint1" name="test_propose_schedule[\uc77c 1\ud68c (P0\uc5d0\uc11c\ub294 \uc8fc 2\ud68c\ub85c \uc644\ud654)-expected4]" time="0.001" /><testcase classname="src.tests.test_sprint1" name="test_propose_schedule[1\ud68c\uc131 (\uc77c\uac04 \uc778\uc2a4\ud134\uc2a4)-expected5]" time="0.002" /><testcase classname="src.tests.test_sprint1" name="test_propose_schedule[FQ4 \ubc1c\ud45c(9/29) \ud6c4 \uc8fc 1\ud68c-expected6]" time="0.001" /><testcase classname="src.tests.test_sprint1" name="test_propose_schedule[\ub3c4\ubb34\uc9c0 \uc54c \uc218 \uc5c6\ub294 \ud14d\uc2a4\ud2b8-None]" time="0.002" /><testcase classname="src.tests.test_sprint1" name="test_brier_view" time="1.387" /><testcase time="0.024" /><testcase classname="pytest" name="internal" time="0.000"><error message="internal error">Traceback (most recent call last):
  File "C:\Users\91ssj\AppData\Local\Programs\Python\Python312\Lib\site-packages\_pytest\main.py", line 318, in wrap_session
    session.exitstatus = doit(config, session) or 0
                         ^^^^^^^^^^^^^^^^^^^^^
  File "C:\Users\91ssj\AppData\Local\Programs\Python\Python312\Lib\site-packages\_pytest\main.py", line 372, in _main
    config.hook.pytest_runtestloop(session=session)
  File "C:\Users\91ssj\AppData\Local\Programs\Python\Python312\Lib\site-packages\pluggy\_hooks.py", line 512, in __call__
    return self._hookexec(self.name, self._hookimpls.copy(), kwargs, firstresult)
           ^^^^^^^^^^^^^^^^^^^^^^^^^^^^^^^^^^^^^^^^^^^^^^^^^^^^^^^^^^^^^^^^^^^^^^
  File "C:\Users\91ssj\AppData\Local\Programs\Python\Python312\Lib\site-packages\pluggy\_manager.py", line 120, in _hookexec
    return self._inner_hookexec(hook_name, methods, kwargs, firstresult)
           ^^^^^^^^^^^^^^^^^^^^^^^^^^^^^^^^^^^^^^^^^^^^^^^^^^^^^^^^^^^^^
  File "C:\Users\91ssj\AppData\Local\Programs\Python\Python312\Lib\site-packages\pluggy\_callers.py", line 167, in _multicall
    raise exception
  File "C:\Users\91ssj\AppData\Local\Programs\Python\Python312\Lib\site-packages\pluggy\_callers.py", line 139, in _multicall
    teardown.throw(exception)
  File "C:\Users\91ssj\AppData\Local\Programs\Python\Python312\Lib\site-packages\_pytest\logging.py", line 801, in pytest_runtestloop
    return (yield)  # Run all the tests.
            ^^^^^
  File "C:\Users\91ssj\AppData\Local\Programs\Python\Python312\Lib\site-packages\pluggy\_callers.py", line 139, in _multicall
    teardown.throw(exception)
  File "C:\Users\91ssj\AppData\Local\Programs\Python\Python312\Lib\site-packages\_pytest\terminal.py", line 707, in pytest_runtestloop
    result = yield
             ^^^^^
  File "C:\Users\91ssj\AppData\Local\Programs\Python\Python312\Lib\site-packages\pluggy\_callers.py", line 121, in _multicall
    res = hook_impl.function(*args)
          ^^^^^^^^^^^^^^^^^^^^^^^^^
  File "C:\Users\91ssj\AppData\Local\Programs\Python\Python312\Lib\site-packages\_pytest\main.py", line 396, in pytest_runtestloop
    item.config.hook.pytest_runtest_protocol(item=item, nextitem=nextitem)
  File "C:\Users\91ssj\AppData\Local\Programs\Python\Python312\Lib\site-packages\pluggy\_hooks.py", line 512, in __call__
    return self._hookexec(self.name, self._hookimpls.copy(), kwargs, firstresult)
           ^^^^^^^^^^^^^^^^^^^^^^^^^^^^^^^^^^^^^^^^^^^^^^^^^^^^^^^^^^^^^^^^^^^^^^
  File "C:\Users\91ssj\AppData\Local\Programs\Python\Python312\Lib\site-packages\pluggy\_manager.py", line 120, in _hookexec
    return self._inner_hookexec(hook_name, methods, kwargs, firstresult)
           ^^^^^^^^^^^^^^^^^^^^^^^^^^^^^^^^^^^^^^^^^^^^^^^^^^^^^^^^^^^^^
  File "C:\Users\91ssj\AppData\Local\Programs\Python\Python312\Lib\site-packages\pluggy\_callers.py", line 167, in _multicall
    raise exception
  File "C:\Users\91ssj\AppData\Local\Programs\Python\Python312\Lib\site-packages\pluggy\_callers.py", line 139, in _multicall
    teardown.throw(exception)
  File "C:\Users\91ssj\AppData\Local\Programs\Python\Python312\Lib\site-packages\_pytest\warnings.py", line 89, in pytest_runtest_protocol
    return (yield)
            ^^^^^
  File "C:\Users\91ssj\AppData\Local\Programs\Python\Python312\Lib\site-packages\pluggy\_callers.py", line 139, in _multicall
    teardown.throw(exception)
  File "C:\Users\91ssj\AppData\Local\Programs\Python\Python312\Lib\site-packages\_pytest\assertion\__init__.py", line 192, in pytest_runtest_protocol
    return (yield)
            ^^^^^
  File "C:\Users\91ssj\AppData\Local\Programs\Python\Python312\Lib\site-packages\pluggy\_callers.py", line 139, in _multicall
    teardown.throw(exception)
  File "C:\Users\91ssj\AppData\Local\Programs\Python\Python312\Lib\site-packages\_pytest\unittest.py", line 591, in pytest_runtest_protocol
    return (yield)
            ^^^^^
  File "C:\Users\91ssj\AppData\Local\Programs\Python\Python312\Lib\site-packages\pluggy\_callers.py", line 139, in _multicall
    teardown.throw(exception)
  File "C:\Users\91ssj\AppData\Local\Programs\Python\Python312\Lib\site-packages\_pytest\faulthandler.py", line 102, in pytest_runtest_protocol
    return (yield)
            ^^^^^
  File "C:\Users\91ssj\AppData\Local\Programs\Python\Python312\Lib\site-packages\pluggy\_callers.py", line 121, in _multicall
    res = hook_impl.function(*args)
          ^^^^^^^^^^^^^^^^^^^^^^^^^
  File "C:\Users\91ssj\AppData\Local\Programs\Python\Python312\Lib\site-packages\_pytest\runner.py", line 118, in pytest_runtest_protocol
    runtestprotocol(item, nextitem=nextitem)
  File "C:\Users\91ssj\AppData\Local\Programs\Python\Python312\Lib\site-packages\_pytest\runner.py", line 137, in runtestprotocol
    reports.append(call_and_report(item, "call", log))
                   ^^^^^^^^^^^^^^^^^^^^^^^^^^^^^^^^^^
  File "C:\Users\91ssj\AppData\Local\Programs\Python\Python312\Lib\site-packages\_pytest\runner.py", line 251, in call_and_report
    ihook.pytest_runtest_logreport(report=report)
  File "C:\Users\91ssj\AppData\Local\Programs\Python\Python312\Lib\site-packages\pluggy\_hooks.py", line 512, in __call__
    return self._hookexec(self.name, self._hookimpls.copy(), kwargs, firstresult)
           ^^^^^^^^^^^^^^^^^^^^^^^^^^^^^^^^^^^^^^^^^^^^^^^^^^^^^^^^^^^^^^^^^^^^^^
  File "C:\Users\91ssj\AppData\Local\Programs\Python\Python312\Lib\site-packages\pluggy\_manager.py", line 120, in _hookexec
    return self._inner_hookexec(hook_name, methods, kwargs, firstresult)
           ^^^^^^^^^^^^^^^^^^^^^^^^^^^^^^^^^^^^^^^^^^^^^^^^^^^^^^^^^^^^^
  File "C:\Users\91ssj\AppData\Local\Programs\Python\Python312\Lib\site-packages\pluggy\_callers.py", line 167, in _multicall
    raise exception
  File "C:\Users\91ssj\AppData\Local\Programs\Python\Python312\Lib\site-packages\pluggy\_callers.py", line 121, in _multicall
    res = hook_impl.function(*args)
          ^^^^^^^^^^^^^^^^^^^^^^^^^
  File "C:\Users\91ssj\AppData\Local\Programs\Python\Python312\Lib\site-packages\_pytest\terminal.py", line 698, in pytest_runtest_logreport
    self.flush()
  File "C:\Users\91ssj\AppData\Local\Programs\Python\Python312\Lib\site-packages\_pytest\terminal.py", line 531, in flush
    self._tw.flush()
  File "C:\Users\91ssj\AppData\Local\Programs\Python\Python312\Lib\site-packages\_pytest\_io\terminalwriter.py", line 187, in flush
    self._file.flush()
OSError: [Errno 22] Invalid argument</error></testcase></testsuite></testsuites>