<?xml version="1.0" encoding="utf-8"?><testsuites name="pytest tests"><testsuite name="pytest" errors="0" failures="0" skipped="0" tests="36" time="20.207" timestamp="2026-08-11T18:04:44.032160+09:00" hostname="BOOK-1JSJ1G73I3"><testcase classname="src.tests.test_scenario_v5_2" name="test_review_package_uses_central_review_tree" time="0.001" /><testcase classname="src.tests.test_scenario_v5_2" name="test_candidate_passes_strict_validation_and_sources" time="0.295" /><testcase classname="src.tests.test_scenario_v5_2" name="test_july_jobs_actual_was_not_available_to_v5_1" time="0.235" /><testcase classname="src.tests.test_scenario_v5_2" name="test_bls_actual_revision_and_participation_contract" time="0.216" /><testcase classname="src.tests.test_scenario_v5_2" name="test_full_fed_target_range_distributions_and_pre_post_moves" time="0.173" /><testcase classname="src.tests.test_scenario_v5_2" name="test_growth_risk_policy_relief_and_attribution_are_separate" time="0.010" /><testcase classname="src.tests.test_scenario_v5_2" name="test_event_day_return_is_anchor_only_and_zero_future_jump" time="0.013" /><testcase classname="src.tests.test_scenario_v5_2" name="test_forecast_anchor_tracks_latest_completed_official_snapshot" time="0.044" /><testcase classname="src.tests.test_scenario_v5_2" name="test_valuation_is_fail_closed_without_vintage_complete_cross_era_history" time="0.027" /><testcase classname="src.tests.test_scenario_v5_2" name="test_four_ablations_have_quantitative_and_concentrated_results" time="0.010" /><testcase classname="src.tests.test_scenario_v5_2" name="test_dotcom_weight_is_strongest_in_s1_without_cherry_picking" time="0.019" /><testcase classname="src.tests.test_scenario_v5_2" name="test_three_scenarios_use_distinct_frozen_database_clusters" time="0.015" /><testcase classname="src.tests.test_scenario_v5_2" name="test_dotcom_strength_sensitivity_is_monotonic_and_concentrated" time="0.014" /><testcase classname="src.tests.test_scenario_v5_2" name="test_abc_weight_spaces_and_generator_block_provenance_are_separate" time="0.026" /><testcase classname="src.tests.test_scenario_v5_2" name="test_report_only_distinctness_is_measured_without_path_mutation" time="0.013" /><testcase classname="src.tests.test_scenario_v5_2" name="test_structural_event_adapter_changes_episode_and_duration_selection" time="0.039" /><testcase classname="src.tests.test_scenario_v5_2" name="test_structural_event_ablation_changes_all_three_path_databases" time="0.013" /><testcase classname="src.tests.test_scenario_v5_2" name="test_s2_is_not_an_arithmetic_mean_and_short_horizon_is_visibly_distinct" time="0.014" /><testcase classname="src.tests.test_scenario_v5_2" name="test_generator_dependency_cap_blocks_above_060_outside_shadow" time="1.591" /><testcase classname="src.tests.test_scenario_v5_2" name="test_event_learning_is_append_only_pit_safe_and_revision_aware" time="0.039" /><testcase classname="src.tests.test_scenario_v5_2" name="test_event_learning_rejects_future_vintage_and_bad_correction" time="0.016" /><testcase classname="src.tests.test_scenario_v5_2" name="test_distribution_spaces_stay_separate_while_research_ui_is_shared_scale" time="0.061" /><testcase classname="src.tests.test_scenario_v5_2" name="test_p50_has_no_fake_wiggle_and_bundle_is_actual_members" time="0.052" /><testcase classname="src.tests.test_scenario_v5_2" name="test_october_2_is_not_an_exact_date_forecast" time="0.013" /><testcase classname="src.tests.test_scenario_v5_2" name="test_dependency_cap_circularity_and_2027_distinctness_gates" time="0.012" /><testcase classname="src.tests.test_scenario_v5_2" name="test_pre_post_comparison_includes_paths_probabilities_and_timing" time="0.012" /><testcase classname="src.tests.test_scenario_v5_2" name="test_seed_path_count_and_independent_phase_sampling_primitives" time="7.520" /><testcase classname="src.tests.test_scenario_v5_2" name="test_dashboard_projection_fresh_and_stale_fallback" time="0.733" /><testcase classname="src.tests.test_scenario_v5_2" name="test_repository_dashboard_routes_v5_2_with_correct_semantics" time="0.008" /><testcase classname="src.tests.test_scenario_v5_2" name="test_every_protected_data_refresh_rebuilds_and_replay_verifies_v5_2" time="0.006" /><testcase classname="src.tests.test_scenario_v5_2" name="test_v52_method_changes_are_append_only_and_disclose_the_default_decision" time="0.017" /><testcase classname="src.tests.test_scenario_v5_2" name="test_mutations_fail_probability_dates_circularity_and_distinctness" time="4.523" /><testcase classname="src.tests.test_scenario_v5_2" name="test_protected_snapshot_ledger_and_archive_hashes_are_unchanged" time="0.313" /><testcase classname="src.tests.test_scenario_v5_2" name="test_runtime_protected_gate_allows_append_but_rejects_mutation" time="0.001" /><testcase classname="src.tests.test_scenario_v5_2" name="test_candidate_runtime_gate_uses_append_only_manifest_and_consumed_hashes" time="0.596" /><testcase classname="src.tests.test_scenario_v5_2" name="test_protected_hashes_normalize_git_text_eol_but_keep_ledgers_byte_exact" time="0.050" /></testsuite></testsuites>