<?xml version="1.0" encoding="utf-8"?><testsuites name="pytest tests"><testsuite name="pytest" errors="0" failures="0" skipped="0" tests="36" time="33.391" timestamp="2026-08-11T19:08:38.545783+09:00" hostname="BOOK-1JSJ1G73I3"><testcase classname="src.tests.test_statistics_lab" name="test_parsers_reject_missing_and_preserve_explicit_values" time="0.004" /><testcase classname="src.tests.test_statistics_lab" name="test_build_statistics_lab_has_reference_only_distinct_charts" time="0.025" /><testcase classname="src.tests.test_statistics_lab" name="test_refresh_is_append_only_for_changed_weekly_snapshot" time="0.109" /><testcase classname="src.tests.test_statistics_lab" name="test_dashboard_statistics_route_and_weekly_workflow_are_wired" time="0.005" /><testcase classname="src.tests.test_dashboard" name="test_read_model_shape" time="4.068" /><testcase classname="src.tests.test_dashboard" name="test_forecast_body_dictionary_round_trip" time="0.005" /><testcase classname="src.tests.test_dashboard" name="test_template_self_contained" time="0.080" /><testcase classname="src.tests.test_dashboard" name="test_template_parts_bundle_and_budget" time="0.064" /><testcase classname="src.tests.test_dashboard" name="test_ui_contract" time="0.017" /><testcase classname="src.tests.test_dashboard" name="test_u1a_five_section_information_architecture_contract" time="0.017" /><testcase classname="src.tests.test_dashboard" name="test_u1a_route_and_home_render_evidence" time="0.002" /><testcase classname="src.tests.test_dashboard" name="test_u1b_future_overlay_unique_questions_and_compare_contract" time="0.013" /><testcase classname="src.tests.test_dashboard" name="test_u1b_browser_regression_evidence" time="0.002" /><testcase classname="src.tests.test_dashboard" name="test_u1c_split_surfaces_event_summary_and_glossary_contract" time="0.012" /><testcase classname="src.tests.test_dashboard" name="test_workspace_utility_contract" time="0.035" /><testcase classname="src.tests.test_dashboard" name="test_forecast_lookup_ui_contract" time="0.017" /><testcase classname="src.tests.test_dashboard" name="test_future_default_is_champion_and_v5_2_requires_explicit_research_route" time="0.008" /><testcase classname="src.tests.test_dashboard" name="test_v5_2_future_view_uses_one_log_scale_and_restores_research_panels" time="0.012" /><testcase classname="src.tests.test_dashboard" name="test_v53_honesty_surfaces_survive_without_deletion" time="2.770" /><testcase classname="src.tests.test_dashboard" name="test_v53_legacy_hash_redirect_matrix_is_complete" time="0.005" /><testcase classname="src.tests.test_dashboard" name="test_u1d_mobile_layout_contract" time="0.027" /><testcase classname="src.tests.test_dashboard" name="test_u1d_mobile_layout_regression_evidence" time="0.004" /><testcase classname="src.tests.test_dashboard" name="test_u1c_browser_regression_evidence" time="0.008" /><testcase classname="src.tests.test_dashboard" name="test_data_growth_explainer_is_plain_language_and_live" time="0.013" /><testcase classname="src.tests.test_dashboard" name="test_liquidity_return_legends_use_separate_lanes" time="0.011" /><testcase classname="src.tests.test_dashboard" name="test_decision_journal_share_and_contrast_contract" time="0.014" /><testcase classname="src.tests.test_dashboard" name="test_round2_cross_asset_explanations_and_method_event_contract" time="0.010" /><testcase classname="src.tests.test_dashboard" name="test_future_chart_restores_innovation_reference_and_cross_asset_five_year_view" time="0.207" /><testcase classname="src.tests.test_dashboard" name="test_structural_calibration_selection_invariance_is_visible" time="0.017" /><testcase classname="src.tests.test_dashboard" name="test_render_embed_vs_fetch" time="1.694" /><testcase classname="src.tests.test_dashboard" name="test_repository_snapshot_stays_within_dashboard_budget" time="5.132" /><testcase classname="src.tests.test_dashboard" name="test_server_is_read_only" time="0.009" /><testcase classname="src.tests.test_dashboard" name="test_write_dashboard" time="3.863" /><testcase classname="src.tests.test_dashboard" name="test_write_pages" time="14.175" /><testcase classname="src.tests.test_dashboard" name="test_presentation_copy_normalization_preserves_source_and_nested_shape" time="0.001" /><testcase classname="src.tests.test_dashboard" name="test_o_entry_cohort_ui_is_evidence_only" time="0.111" /></testsuite></testsuites>